2006.01.31 17:53 B J:\next\newsletters\originals\nl199610.zip --> www.willowfalls.ca /.public_html/emrg/next/newsletters/originals nl199610.zip
2006.01.31 17:53 B J:\next\newsletters\originals\nl199701.zip --> www.willowfalls.ca /.public_html/emrg/next/newsletters/originals nl199701.zip
2006.01.31 17:53 B J:\next\newsletters\originals\nl199804.zip --> www.willowfalls.ca /.public_html/emrg/next/newsletters/originals nl199804.zip
2006.01.31 17:54 B J:\next\newsletters\originals\nl199809.zip --> www.willowfalls.ca /.public_html/emrg/next/newsletters/originals nl199809.zip
2006.01.31 17:55 B J:\next\newsletters\originals\nl199901.zip --> www.willowfalls.ca /.public_html/emrg/next/newsletters/originals nl199901.zip
2006.01.31 17:55 B J:\next\newsletters\originals\nl199904.zip --> www.willowfalls.ca /.public_html/emrg/next/newsletters/originals nl199904.zip
2006.01.31 17:55 B J:\next\newsletters\originals\nl200003.zip --> www.willowfalls.ca /.public_html/emrg/next/newsletters/originals nl200003.zip
2006.01.31 18:01 B J:\next\newsletters\originals\nl200204.zip --> www.willowfalls.ca /.public_html/emrg/next/newsletters/originals nl200204.zip
2006.01.31 18:02 B J:\next\newsletters\originals\nl200209.zip --> www.willowfalls.ca /.public_html/emrg/next/newsletters/originals nl200209.zip
2006.01.31 18:11 B J:\next\newsletters\originals\nl200511_lite.odt --> www.willowfalls.ca /.public_html/emrg/next/newsletters/originals nl200511_lite.odt
2006.02.01 18:57 B J:\emrg\next\newsletters\originals\nl199610.zip --> www.willowfalls.ca /.public_html/emrg/next/newsletters/originals nl199610.zip
2006.02.01 18:57 B J:\emrg\next\newsletters\originals\nl199701.zip --> www.willowfalls.ca /.public_html/emrg/next/newsletters/originals nl199701.zip
2006.02.01 18:57 B J:\emrg\next\newsletters\originals\nl199804.zip --> www.willowfalls.ca /.public_html/emrg/next/newsletters/originals nl199804.zip
2006.02.01 18:57 B J:\emrg\next\newsletters\originals\nl199809.zip --> www.willowfalls.ca /.public_html/emrg/next/newsletters/originals nl199809.zip
2006.02.01 18:58 B J:\emrg\next\newsletters\originals\nl199901.zip --> www.willowfalls.ca /.public_html/emrg/next/newsletters/originals nl199901.zip
2006.02.01 18:58 B J:\emrg\next\newsletters\originals\nl199904.zip --> www.willowfalls.ca /.public_html/emrg/next/newsletters/originals nl199904.zip
2006.02.01 18:58 B J:\emrg\next\newsletters\originals\nl200003.zip --> www.willowfalls.ca /.public_html/emrg/next/newsletters/originals nl200003.zip
2006.02.01 19:02 B J:\emrg\next\newsletters\originals\nl200204.zip --> www.willowfalls.ca /.public_html/emrg/next/newsletters/originals nl200204.zip
2006.02.01 19:03 B J:\emrg\next\newsletters\originals\nl200209.zip --> www.willowfalls.ca /.public_html/emrg/next/newsletters/originals nl200209.zip
2006.02.01 19:10 B J:\emrg\next\newsletters\originals\nl200511_lite.odt --> www.willowfalls.ca /.public_html/emrg/next/newsletters/originals nl200511_lite.odt
2006.02.01 19:10 B J:\emrg\next\newsletters\originals\WS_FTP.LOG --> www.willowfalls.ca /.public_html/emrg/next/newsletters/originals WS_FTP.LOG
