2005.12.13 17:49 B C:\emrg_website\.public_html\emrg\2002accomplishments.htm <-- emrg /.public_html/emrg 2002accomplishments.htm
2005.12.13 18:06 B C:\emrg_website\.public_html\emrg\2004_SET.WAV <-- emrg /.public_html/emrg 2004_SET.WAV
2005.12.13 18:06 B C:\emrg_website\.public_html\emrg\acronyms.htm <-- emrg /.public_html/emrg acronyms.htm
2005.12.13 18:06 B C:\emrg_website\.public_html\emrg\allabout.htm <-- emrg /.public_html/emrg allabout.htm
2005.12.13 18:06 B C:\emrg_website\.public_html\emrg\amateurmyths.htm <-- emrg /.public_html/emrg amateurmyths.htm
2005.12.13 18:06 B C:\emrg_website\.public_html\emrg\aomeeting.html <-- emrg /.public_html/emrg aomeeting.html
2005.12.13 18:06 B C:\emrg_website\.public_html\emrg\ares.htm <-- emrg /.public_html/emrg ares.htm
2005.12.13 18:06 B C:\emrg_website\.public_html\emrg\Battery_Case_Wiring -VE3UNW.pdf <-- emrg /.public_html/emrg Battery_Case_Wiring -VE3UNW.pdf
2005.12.13 18:06 B C:\emrg_website\.public_html\emrg\cityofottawa.htm <-- emrg /.public_html/emrg cityofottawa.htm
2005.12.13 18:06 B C:\emrg_website\.public_html\emrg\District ARES Trip To Kingston.pdf <-- emrg /.public_html/emrg District ARES Trip To Kingston.pdf
2005.12.13 18:06 B C:\emrg_website\.public_html\emrg\events.htm <-- emrg /.public_html/emrg events.htm
2005.12.13 18:06 B C:\emrg_website\.public_html\emrg\IMS_Ottawa.JPG <-- emrg /.public_html/emrg IMS_Ottawa.JPG
2005.12.13 18:06 B C:\emrg_website\.public_html\emrg\index.htm <-- emrg /.public_html/emrg index.htm
2005.12.13 18:06 B C:\emrg_website\.public_html\emrg\interfaces.htm <-- emrg /.public_html/emrg interfaces.htm
2005.12.13 18:06 B C:\emrg_website\.public_html\emrg\links.htm <-- emrg /.public_html/emrg links.htm
2005.12.13 18:08 B C:\emrg_website\.public_html\emrg\More_Fun_With_Powerpoles -VE3FFK.pdf <-- emrg /.public_html/emrg More_Fun_With_Powerpoles -VE3FFK.pdf
2005.12.13 18:11 B C:\emrg_website\.public_html\emrg\NL200511.pdf <-- emrg /.public_html/emrg NL200511.pdf
2005.12.13 18:15 B C:\emrg_website\.public_html\emrg\NL200511_Lite.odt <-- emrg /.public_html/emrg NL200511_Lite.odt
2005.12.13 18:15 B C:\emrg_website\.public_html\emrg\NL200511_Lite.pdf <-- emrg /.public_html/emrg NL200511_Lite.pdf
2005.12.13 18:15 B C:\emrg_website\.public_html\emrg\ottawaairport.htm <-- emrg /.public_html/emrg ottawaairport.htm
2005.12.13 18:15 B C:\emrg_website\.public_html\emrg\ottawacares.htm <-- emrg /.public_html/emrg ottawacares.htm
2005.12.13 18:15 B C:\emrg_website\.public_html\emrg\ottawahospitals.htm <-- emrg /.public_html/emrg ottawahospitals.htm
2005.12.13 18:15 B C:\emrg_website\.public_html\emrg\packetlinks.htm <-- emrg /.public_html/emrg packetlinks.htm
2005.12.13 18:15 B C:\emrg_website\.public_html\emrg\projectideas.htm <-- emrg /.public_html/emrg projectideas.htm
2005.12.13 18:15 B C:\emrg_website\.public_html\emrg\redcross.htm <-- emrg /.public_html/emrg redcross.htm
2005.12.13 18:15 B C:\emrg_website\.public_html\emrg\sharingideas.htm <-- emrg /.public_html/emrg sharingideas.htm
2005.12.13 18:15 B C:\emrg_website\.public_html\emrg\view.htm <-- emrg /.public_html/emrg view.htm
2005.12.13 18:15 B C:\emrg_website\.public_html\emrg\volunteerradiogroups.htm <-- emrg /.public_html/emrg volunteerradiogroups.htm
2005.12.13 18:15 B C:\emrg_website\.public_html\emrg\volunteers.htm <-- emrg /.public_html/emrg volunteers.htm
2005.12.13 18:15 B C:\emrg_website\.public_html\emrg\whoweserve.htm <-- emrg /.public_html/emrg whoweserve.htm
