2006.01.27 14:40 A J:\shared\corefunctions.js --> www.willowfalls.ca /.public_html/emrg/shared corefunctions.js
2006.01.27 14:40 B J:\shared\logoares_large.jpg --> www.willowfalls.ca /.public_html/emrg/shared logoares_large.jpg
2006.01.27 14:40 B J:\shared\logoares_small.jpg --> www.willowfalls.ca /.public_html/emrg/shared logoares_small.jpg
2006.01.27 14:40 B J:\shared\logoemrg_large.gif --> www.willowfalls.ca /.public_html/emrg/shared logoemrg_large.gif
2006.01.27 14:40 B J:\shared\logoemrg_small.jpg --> www.willowfalls.ca /.public_html/emrg/shared logoemrg_small.jpg
2006.01.27 14:40 B J:\shared\logorac01.gif --> www.willowfalls.ca /.public_html/emrg/shared logorac01.gif
2006.01.27 14:40 B J:\shared\pdficon_large.GIF --> www.willowfalls.ca /.public_html/emrg/shared pdficon_large.GIF
2006.01.27 14:40 B J:\shared\pdficon_small.GIF --> www.willowfalls.ca /.public_html/emrg/shared pdficon_small.GIF
2006.01.27 20:12 A J:\shared\corefunctions.js --> www.willowfalls.ca /.public_html/emrg/shared corefunctions.js
2006.01.31 17:33 A J:\shared\corefunctions.js --> www.willowfalls.ca /.public_html/emrg/shared corefunctions.js
2006.01.31 17:36 A J:\shared\corefunctions.js --> www.willowfalls.ca /.public_html/emrg/shared corefunctions.js
2006.01.31 17:39 A J:\shared\corefunctions.js --> www.willowfalls.ca /.public_html/emrg/shared corefunctions.js
2006.01.31 19:44 B J:\shared\background_grey.jpg --> www.willowfalls.ca /.public_html/emrg/shared background_grey.jpg
2006.01.31 19:44 A J:\shared\corefunctions.js --> www.willowfalls.ca /.public_html/emrg/shared corefunctions.js
2006.01.31 19:44 B J:\shared\gradfond.gif --> www.willowfalls.ca /.public_html/emrg/shared gradfond.gif
2006.01.31 19:45 B J:\shared\logoares_large.jpg --> www.willowfalls.ca /.public_html/emrg/shared logoares_large.jpg
2006.01.31 19:45 B J:\shared\logoares_small.jpg --> www.willowfalls.ca /.public_html/emrg/shared logoares_small.jpg
2006.01.31 19:45 B J:\shared\logoemrg_large.gif --> www.willowfalls.ca /.public_html/emrg/shared logoemrg_large.gif
2006.01.31 19:45 B J:\shared\logoemrg_small.jpg --> www.willowfalls.ca /.public_html/emrg/shared logoemrg_small.jpg
2006.01.31 19:45 B J:\shared\logorac01.gif --> www.willowfalls.ca /.public_html/emrg/shared logorac01.gif
2006.01.31 19:45 B J:\shared\pdficon_large.GIF --> www.willowfalls.ca /.public_html/emrg/shared pdficon_large.GIF
2006.01.31 19:45 B J:\shared\pdficon_small.GIF --> www.willowfalls.ca /.public_html/emrg/shared pdficon_small.GIF
2006.01.31 19:45 A J:\shared\style.css --> www.willowfalls.ca /.public_html/emrg/shared style.css
2006.02.01 19:20 B J:\emrg\next\shared\background_grey.jpg --> www.willowfalls.ca /.public_html/emrg/next/shared background_grey.jpg
2006.02.01 19:20 A J:\emrg\next\shared\corefunctions.js --> www.willowfalls.ca /.public_html/emrg/next/shared corefunctions.js
2006.02.01 19:20 B J:\emrg\next\shared\gradfond.gif --> www.willowfalls.ca /.public_html/emrg/next/shared gradfond.gif
2006.02.01 19:20 B J:\emrg\next\shared\logoares_large.jpg --> www.willowfalls.ca /.public_html/emrg/next/shared logoares_large.jpg
2006.02.01 19:20 B J:\emrg\next\shared\logoares_small.jpg --> www.willowfalls.ca /.public_html/emrg/next/shared logoares_small.jpg
2006.02.01 19:20 B J:\emrg\next\shared\logoemrg_large.gif --> www.willowfalls.ca /.public_html/emrg/next/shared logoemrg_large.gif
2006.02.01 19:20 B J:\emrg\next\shared\logoemrg_small.jpg --> www.willowfalls.ca /.public_html/emrg/next/shared logoemrg_small.jpg
2006.02.01 19:20 B J:\emrg\next\shared\logorac01.gif --> www.willowfalls.ca /.public_html/emrg/next/shared logorac01.gif
2006.02.01 19:20 B J:\emrg\next\shared\pdficon_large.GIF --> www.willowfalls.ca /.public_html/emrg/next/shared pdficon_large.GIF
2006.02.01 19:20 B J:\emrg\next\shared\pdficon_small.GIF --> www.willowfalls.ca /.public_html/emrg/next/shared pdficon_small.GIF
2006.02.01 19:20 A J:\emrg\next\shared\style.css --> www.willowfalls.ca /.public_html/emrg/next/shared style.css
2006.02.01 19:20 B J:\emrg\next\shared\WS_FTP.LOG --> www.willowfalls.ca /.public_html/emrg/next/shared WS_FTP.LOG
2006.02.02 17:23 B J:\emrg\next\shared\background_grey.jpg --> www.willowfalls.ca /.public_html/emrg/next/shared background_grey.jpg
2006.02.02 17:23 A J:\emrg\next\shared\corefunctions.js --> www.willowfalls.ca /.public_html/emrg/next/shared corefunctions.js
2006.02.02 17:23 B J:\emrg\next\shared\gradfond.gif --> www.willowfalls.ca /.public_html/emrg/next/shared gradfond.gif
2006.02.02 17:23 B J:\emrg\next\shared\logoares_large.jpg --> www.willowfalls.ca /.public_html/emrg/next/shared logoares_large.jpg
2006.02.02 17:23 B J:\emrg\next\shared\logoares_small.jpg --> www.willowfalls.ca /.public_html/emrg/next/shared logoares_small.jpg
2006.02.02 17:23 B J:\emrg\next\shared\logoemrg_large.gif --> www.willowfalls.ca /.public_html/emrg/next/shared logoemrg_large.gif
2006.02.02 17:23 B J:\emrg\next\shared\logoemrg_small.jpg --> www.willowfalls.ca /.public_html/emrg/next/shared logoemrg_small.jpg
2006.02.02 17:23 B J:\emrg\next\shared\logorac01.gif --> www.willowfalls.ca /.public_html/emrg/next/shared logorac01.gif
2006.02.02 17:23 B J:\emrg\next\shared\pdficon_large.GIF --> www.willowfalls.ca /.public_html/emrg/next/shared pdficon_large.GIF
2006.02.02 17:23 B J:\emrg\next\shared\pdficon_small.GIF --> www.willowfalls.ca /.public_html/emrg/next/shared pdficon_small.GIF
2006.02.02 17:23 A J:\emrg\next\shared\style.css --> www.willowfalls.ca /.public_html/emrg/next/shared style.css
2006.02.02 17:30 A J:\emrg\next\shared\corefunctions.js --> www.willowfalls.ca /.public_html/emrg/next/shared corefunctions.js
2006.02.02 17:31 A J:\emrg\next\shared\corefunctions.js --> www.willowfalls.ca /.public_html/emrg/next/shared corefunctions.js
2006.02.02 17:32 A J:\emrg\next\shared\corefunctions.js --> www.willowfalls.ca /.public_html/emrg/next/shared corefunctions.js
2006.02.02 17:32 A J:\emrg\next\shared\corefunctions.js --> www.willowfalls.ca /.public_html/emrg/next/shared corefunctions.js
