104.05.01 05:50 B M:\internet\www.emrg.ca\technical_files\Filelist.xml --> www.willowfalls.ca /.public_html/emrg/technical_files Filelist.xml
104.05.01 05:50 B M:\internet\www.emrg.ca\technical_files\lt_off.gif --> www.willowfalls.ca /.public_html/emrg/technical_files lt_off.gif
104.05.01 05:50 B M:\internet\www.emrg.ca\technical_files\lt_over.gif --> www.willowfalls.ca /.public_html/emrg/technical_files lt_over.gif
104.05.01 05:50 B M:\internet\www.emrg.ca\technical_files\rt_off.gif --> www.willowfalls.ca /.public_html/emrg/technical_files rt_off.gif
104.05.01 05:50 B M:\internet\www.emrg.ca\technical_files\rt_over.gif --> www.willowfalls.ca /.public_html/emrg/technical_files rt_over.gif
104.05.01 05:50 B M:\internet\www.emrg.ca\technical_files\technical.css --> www.willowfalls.ca /.public_html/emrg/technical_files technical.css
104.05.01 05:50 B M:\internet\www.emrg.ca\technical_files\technical_data.xml --> www.willowfalls.ca /.public_html/emrg/technical_files technical_data.xml
104.05.01 05:50 B M:\internet\www.emrg.ca\technical_files\technical_frames.htm --> www.willowfalls.ca /.public_html/emrg/technical_files technical_frames.htm
104.05.01 05:50 B M:\internet\www.emrg.ca\technical_files\technical_gif_1.gif --> www.willowfalls.ca /.public_html/emrg/technical_files technical_gif_1.gif
104.05.01 05:50 B M:\internet\www.emrg.ca\technical_files\technical_gif_1.htm --> www.willowfalls.ca /.public_html/emrg/technical_files technical_gif_1.htm
104.05.01 05:50 B M:\internet\www.emrg.ca\technical_files\technical_nav2.htm --> www.willowfalls.ca /.public_html/emrg/technical_files technical_nav2.htm
104.05.01 05:50 B M:\internet\www.emrg.ca\technical_files\technical_utils.js --> www.willowfalls.ca /.public_html/emrg/technical_files technical_utils.js
104.05.01 05:50 B M:\internet\www.emrg.ca\technical_files\technical_zoom.htm --> www.willowfalls.ca /.public_html/emrg/technical_files technical_zoom.htm
104.05.09 07:30 B M:\internet\www.emrg.ca\technical_files\Filelist.xml --> www.willowfalls.ca /.public_html/emrg/technical_files Filelist.xml
104.05.09 07:30 B M:\internet\www.emrg.ca\technical_files\lt_off.gif --> www.willowfalls.ca /.public_html/emrg/technical_files lt_off.gif
104.05.09 07:30 B M:\internet\www.emrg.ca\technical_files\lt_over.gif --> www.willowfalls.ca /.public_html/emrg/technical_files lt_over.gif
104.05.09 07:30 B M:\internet\www.emrg.ca\technical_files\rt_off.gif --> www.willowfalls.ca /.public_html/emrg/technical_files rt_off.gif
104.05.09 07:30 B M:\internet\www.emrg.ca\technical_files\rt_over.gif --> www.willowfalls.ca /.public_html/emrg/technical_files rt_over.gif
104.05.09 07:30 B M:\internet\www.emrg.ca\technical_files\technical.css --> www.willowfalls.ca /.public_html/emrg/technical_files technical.css
104.05.09 07:31 B M:\internet\www.emrg.ca\technical_files\technical_data.xml --> www.willowfalls.ca /.public_html/emrg/technical_files technical_data.xml
104.05.09 07:31 B M:\internet\www.emrg.ca\technical_files\technical_frames.htm --> www.willowfalls.ca /.public_html/emrg/technical_files technical_frames.htm
104.05.09 07:31 B M:\internet\www.emrg.ca\technical_files\technical_gif_1.gif --> www.willowfalls.ca /.public_html/emrg/technical_files technical_gif_1.gif
104.05.09 07:31 B M:\internet\www.emrg.ca\technical_files\technical_gif_1.htm --> www.willowfalls.ca /.public_html/emrg/technical_files technical_gif_1.htm
104.05.09 07:31 B M:\internet\www.emrg.ca\technical_files\technical_nav2.htm --> www.willowfalls.ca /.public_html/emrg/technical_files technical_nav2.htm
104.05.09 07:31 B M:\internet\www.emrg.ca\technical_files\technical_utils.js --> www.willowfalls.ca /.public_html/emrg/technical_files technical_utils.js
104.05.09 07:31 B M:\internet\www.emrg.ca\technical_files\technical_zoom.htm --> www.willowfalls.ca /.public_html/emrg/technical_files technical_zoom.htm
104.05.11 06:18 B M:\internet\www.emrg.ca\technical_files\Filelist.xml --> www.willowfalls.ca /.public_html/emrg/technical/technical_files Filelist.xml
104.05.11 06:18 B M:\internet\www.emrg.ca\technical_files\lt_off.gif --> www.willowfalls.ca /.public_html/emrg/technical/technical_files lt_off.gif
104.05.11 06:18 B M:\internet\www.emrg.ca\technical_files\lt_over.gif --> www.willowfalls.ca /.public_html/emrg/technical/technical_files lt_over.gif
104.05.11 06:18 B M:\internet\www.emrg.ca\technical_files\rt_off.gif --> www.willowfalls.ca /.public_html/emrg/technical/technical_files rt_off.gif
104.05.11 06:18 B M:\internet\www.emrg.ca\technical_files\rt_over.gif --> www.willowfalls.ca /.public_html/emrg/technical/technical_files rt_over.gif
104.05.11 06:18 B M:\internet\www.emrg.ca\technical_files\technical.css --> www.willowfalls.ca /.public_html/emrg/technical/technical_files technical.css
104.05.11 06:18 B M:\internet\www.emrg.ca\technical_files\technical_data.xml --> www.willowfalls.ca /.public_html/emrg/technical/technical_files technical_data.xml
104.05.11 06:18 B M:\internet\www.emrg.ca\technical_files\technical_frames.htm --> www.willowfalls.ca /.public_html/emrg/technical/technical_files technical_frames.htm
104.05.11 06:18 B M:\internet\www.emrg.ca\technical_files\technical_gif_1.gif --> www.willowfalls.ca /.public_html/emrg/technical/technical_files technical_gif_1.gif
104.05.11 06:18 B M:\internet\www.emrg.ca\technical_files\technical_gif_1.htm --> www.willowfalls.ca /.public_html/emrg/technical/technical_files technical_gif_1.htm
104.05.11 06:18 B M:\internet\www.emrg.ca\technical_files\technical_nav2.htm --> www.willowfalls.ca /.public_html/emrg/technical/technical_files technical_nav2.htm
104.05.11 06:18 B M:\internet\www.emrg.ca\technical_files\technical_utils.js --> www.willowfalls.ca /.public_html/emrg/technical/technical_files technical_utils.js
104.05.11 06:18 B M:\internet\www.emrg.ca\technical_files\technical_zoom.htm --> www.willowfalls.ca /.public_html/emrg/technical/technical_files technical_zoom.htm
2005.12.13 17:49 B C:\emrg_website\.public_html\emrg\technical\technical_files\WS_FTP.LOG <-- emrg /.public_html/emrg/technical/technical_files WS_FTP.LOG
