104.05.03 20:44 B M:\internet\www.emrg.ca\packet\packet_files\requirements_files\Filelist.xml --> www.willowfalls.ca /twed1/usr/home/willowfalls/.public_html/emrg/packet/packet_files/packet_files/requirements_files Filelist.xml
104.05.03 20:44 B M:\internet\www.emrg.ca\packet\packet_files\requirements_files\lt_off.gif --> www.willowfalls.ca /twed1/usr/home/willowfalls/.public_html/emrg/packet/packet_files/packet_files/requirements_files lt_off.gif
104.05.03 20:44 B M:\internet\www.emrg.ca\packet\packet_files\requirements_files\lt_over.gif --> www.willowfalls.ca /twed1/usr/home/willowfalls/.public_html/emrg/packet/packet_files/packet_files/requirements_files lt_over.gif
104.05.03 20:44 B M:\internet\www.emrg.ca\packet\packet_files\requirements_files\requirements.css --> www.willowfalls.ca /twed1/usr/home/willowfalls/.public_html/emrg/packet/packet_files/packet_files/requirements_files requirements.css
104.05.03 20:44 B M:\internet\www.emrg.ca\packet\packet_files\requirements_files\requirements_data.xml --> www.willowfalls.ca /twed1/usr/home/willowfalls/.public_html/emrg/packet/packet_files/packet_files/requirements_files requirements_data.xml
104.05.03 20:44 B M:\internet\www.emrg.ca\packet\packet_files\requirements_files\requirements_frames.htm --> www.willowfalls.ca /twed1/usr/home/willowfalls/.public_html/emrg/packet/packet_files/packet_files/requirements_files requirements_frames.htm
104.05.03 20:44 B M:\internet\www.emrg.ca\packet\packet_files\requirements_files\requirements_gif_2.gif --> www.willowfalls.ca /twed1/usr/home/willowfalls/.public_html/emrg/packet/packet_files/packet_files/requirements_files requirements_gif_2.gif
104.05.03 20:44 B M:\internet\www.emrg.ca\packet\packet_files\requirements_files\requirements_gif_2.htm --> www.willowfalls.ca /twed1/usr/home/willowfalls/.public_html/emrg/packet/packet_files/packet_files/requirements_files requirements_gif_2.htm
104.05.03 20:44 B M:\internet\www.emrg.ca\packet\packet_files\requirements_files\requirements_nav2.htm --> www.willowfalls.ca /twed1/usr/home/willowfalls/.public_html/emrg/packet/packet_files/packet_files/requirements_files requirements_nav2.htm
104.05.03 20:44 B M:\internet\www.emrg.ca\packet\packet_files\requirements_files\requirements_utils.js --> www.willowfalls.ca /twed1/usr/home/willowfalls/.public_html/emrg/packet/packet_files/packet_files/requirements_files requirements_utils.js
104.05.03 20:44 B M:\internet\www.emrg.ca\packet\packet_files\requirements_files\requirements_zoom.htm --> www.willowfalls.ca /twed1/usr/home/willowfalls/.public_html/emrg/packet/packet_files/packet_files/requirements_files requirements_zoom.htm
104.05.03 20:44 B M:\internet\www.emrg.ca\packet\packet_files\requirements_files\rt_off.gif --> www.willowfalls.ca /twed1/usr/home/willowfalls/.public_html/emrg/packet/packet_files/packet_files/requirements_files rt_off.gif
104.05.03 20:44 B M:\internet\www.emrg.ca\packet\packet_files\requirements_files\rt_over.gif --> www.willowfalls.ca /twed1/usr/home/willowfalls/.public_html/emrg/packet/packet_files/packet_files/requirements_files rt_over.gif
104.05.03 20:50 B M:\internet\www.emrg.ca\packet\packet_files\requirements_files\Filelist.xml --> www.willowfalls.ca /twed1/usr/home/willowfalls/.public_html/emrg/packet/packet_files/requirements_files Filelist.xml
104.05.03 20:50 B M:\internet\www.emrg.ca\packet\packet_files\requirements_files\lt_off.gif --> www.willowfalls.ca /twed1/usr/home/willowfalls/.public_html/emrg/packet/packet_files/requirements_files lt_off.gif
104.05.03 20:50 B M:\internet\www.emrg.ca\packet\packet_files\requirements_files\lt_over.gif --> www.willowfalls.ca /twed1/usr/home/willowfalls/.public_html/emrg/packet/packet_files/requirements_files lt_over.gif
104.05.03 20:50 B M:\internet\www.emrg.ca\packet\packet_files\requirements_files\requirements.css --> www.willowfalls.ca /twed1/usr/home/willowfalls/.public_html/emrg/packet/packet_files/requirements_files requirements.css
104.05.03 20:50 B M:\internet\www.emrg.ca\packet\packet_files\requirements_files\requirements_data.xml --> www.willowfalls.ca /twed1/usr/home/willowfalls/.public_html/emrg/packet/packet_files/requirements_files requirements_data.xml
104.05.03 20:50 B M:\internet\www.emrg.ca\packet\packet_files\requirements_files\requirements_frames.htm --> www.willowfalls.ca /twed1/usr/home/willowfalls/.public_html/emrg/packet/packet_files/requirements_files requirements_frames.htm
104.05.03 20:50 B M:\internet\www.emrg.ca\packet\packet_files\requirements_files\requirements_gif_2.gif --> www.willowfalls.ca /twed1/usr/home/willowfalls/.public_html/emrg/packet/packet_files/requirements_files requirements_gif_2.gif
104.05.03 20:50 B M:\internet\www.emrg.ca\packet\packet_files\requirements_files\requirements_gif_2.htm --> www.willowfalls.ca /twed1/usr/home/willowfalls/.public_html/emrg/packet/packet_files/requirements_files requirements_gif_2.htm
104.05.03 20:50 B M:\internet\www.emrg.ca\packet\packet_files\requirements_files\requirements_nav2.htm --> www.willowfalls.ca /twed1/usr/home/willowfalls/.public_html/emrg/packet/packet_files/requirements_files requirements_nav2.htm
104.05.03 20:50 B M:\internet\www.emrg.ca\packet\packet_files\requirements_files\requirements_utils.js --> www.willowfalls.ca /twed1/usr/home/willowfalls/.public_html/emrg/packet/packet_files/requirements_files requirements_utils.js
104.05.03 20:50 B M:\internet\www.emrg.ca\packet\packet_files\requirements_files\requirements_zoom.htm --> www.willowfalls.ca /twed1/usr/home/willowfalls/.public_html/emrg/packet/packet_files/requirements_files requirements_zoom.htm
104.05.03 20:50 B M:\internet\www.emrg.ca\packet\packet_files\requirements_files\rt_off.gif --> www.willowfalls.ca /twed1/usr/home/willowfalls/.public_html/emrg/packet/packet_files/requirements_files rt_off.gif
104.05.03 20:50 B M:\internet\www.emrg.ca\packet\packet_files\requirements_files\rt_over.gif --> www.willowfalls.ca /twed1/usr/home/willowfalls/.public_html/emrg/packet/packet_files/requirements_files rt_over.gif
2005.12.13 17:43 B C:\emrg_website\.public_html\emrg\packet\packet_files\requirements_files\WS_FTP.LOG <-- emrg /.public_html/emrg/packet/packet_files/requirements_files WS_FTP.LOG
