2006.01.24 18:28 B J:\next\crates\index.htm --> www.willowfalls.ca /.public_html/emrg/next/crates index.htm
2006.01.24 20:47 B J:\next\crates\Crate_Details.jpg --> www.willowfalls.ca /.public_html/emrg/next/crates Crate_Details.jpg
2006.01.24 20:47 B J:\next\crates\Double_Height_Crate.jpg --> www.willowfalls.ca /.public_html/emrg/next/crates Double_Height_Crate.jpg
2006.01.24 20:47 B J:\next\crates\Double_Width_Storage_Crate.jpg --> www.willowfalls.ca /.public_html/emrg/next/crates Double_Width_Storage_Crate.jpg
2006.01.24 20:48 B J:\next\crates\Heavy_Duty_Double_Height_Crate.jpg --> www.willowfalls.ca /.public_html/emrg/next/crates Heavy_Duty_Double_Height_Crate.jpg
2006.01.24 20:48 B J:\next\crates\index.htm --> www.willowfalls.ca /.public_html/emrg/next/crates index.htm
2006.01.24 20:48 B J:\next\crates\Power_Crates.jpg --> www.willowfalls.ca /.public_html/emrg/next/crates Power_Crates.jpg
2006.01.24 20:48 B J:\next\crates\Radio_Crates.jpg --> www.willowfalls.ca /.public_html/emrg/next/crates Radio_Crates.jpg
2006.01.24 20:48 B J:\next\crates\Standard_Height_Crate.jpg --> www.willowfalls.ca /.public_html/emrg/next/crates Standard_Height_Crate.jpg
2006.01.24 20:48 B J:\next\crates\WS_FTP.LOG --> www.willowfalls.ca /.public_html/emrg/next/crates WS_FTP.LOG
2006.01.24 21:34 B J:\next\crates\WS_FTP.LOG --> www.willowfalls.ca /.public_html/emrg/next/crates WS_FTP.LOG
2006.01.26 20:06 B J:\next\crates\Crate_Details.jpg --> www.willowfalls.ca /.public_html/emrg/next/crates Crate_Details.jpg
2006.01.26 20:06 B J:\next\crates\Double_Height_Crate.jpg --> www.willowfalls.ca /.public_html/emrg/next/crates Double_Height_Crate.jpg
2006.01.26 20:06 B J:\next\crates\Double_Width_Storage_Crate.jpg --> www.willowfalls.ca /.public_html/emrg/next/crates Double_Width_Storage_Crate.jpg
2006.01.26 20:06 B J:\next\crates\Heavy_Duty_Double_Height_Crate.jpg --> www.willowfalls.ca /.public_html/emrg/next/crates Heavy_Duty_Double_Height_Crate.jpg
2006.01.26 20:07 A J:\next\crates\index.htm --> www.willowfalls.ca /.public_html/emrg/next/crates index.htm
2006.01.26 20:07 B J:\next\crates\Power_Crates.jpg --> www.willowfalls.ca /.public_html/emrg/next/crates Power_Crates.jpg
2006.01.26 20:07 B J:\next\crates\Radio_Crates.jpg --> www.willowfalls.ca /.public_html/emrg/next/crates Radio_Crates.jpg
2006.01.26 20:07 B J:\next\crates\Standard_Height_Crate.jpg --> www.willowfalls.ca /.public_html/emrg/next/crates Standard_Height_Crate.jpg
2006.01.26 20:07 B J:\next\crates\WS_FTP.LOG --> www.willowfalls.ca /.public_html/emrg/next/crates WS_FTP.LOG
2006.01.27 14:35 B J:\next\crates\WS_FTP.LOG --> www.willowfalls.ca /.public_html/emrg/next/crates WS_FTP.LOG
2006.01.31 17:51 B J:\next\crates_files\Crate_Details.jpg --> www.willowfalls.ca /.public_html/emrg/next/crates_files Crate_Details.jpg
2006.01.31 17:52 B J:\next\crates_files\Double_Height_Crate.jpg --> www.willowfalls.ca /.public_html/emrg/next/crates_files Double_Height_Crate.jpg
2006.01.31 17:52 B J:\next\crates_files\Double_Width_Storage_Crate.jpg --> www.willowfalls.ca /.public_html/emrg/next/crates_files Double_Width_Storage_Crate.jpg
2006.01.31 17:52 B J:\next\crates_files\Heavy_Duty_Double_Height_Crate.jpg --> www.willowfalls.ca /.public_html/emrg/next/crates_files Heavy_Duty_Double_Height_Crate.jpg
2006.01.31 17:52 B J:\next\crates_files\Power_Crates.jpg --> www.willowfalls.ca /.public_html/emrg/next/crates_files Power_Crates.jpg
2006.01.31 17:53 B J:\next\crates_files\Radio_Crates.jpg --> www.willowfalls.ca /.public_html/emrg/next/crates_files Radio_Crates.jpg
2006.01.31 17:53 B J:\next\crates_files\Standard_Height_Crate.jpg --> www.willowfalls.ca /.public_html/emrg/next/crates_files Standard_Height_Crate.jpg
2006.01.31 17:53 B J:\next\crates_files\WS_FTP.LOG --> www.willowfalls.ca /.public_html/emrg/next/crates_files WS_FTP.LOG
2006.02.01 18:50 B J:\emrg\next\crates_files\Crate_Details.jpg --> www.willowfalls.ca /.public_html/emrg/next/crates_files Crate_Details.jpg
2006.02.01 18:50 B J:\emrg\next\crates_files\Double_Height_Crate.jpg --> www.willowfalls.ca /.public_html/emrg/next/crates_files Double_Height_Crate.jpg
2006.02.01 18:50 B J:\emrg\next\crates_files\Double_Width_Storage_Crate.jpg --> www.willowfalls.ca /.public_html/emrg/next/crates_files Double_Width_Storage_Crate.jpg
2006.02.01 18:50 B J:\emrg\next\crates_files\Heavy_Duty_Double_Height_Crate.jpg --> www.willowfalls.ca /.public_html/emrg/next/crates_files Heavy_Duty_Double_Height_Crate.jpg
2006.02.01 18:50 B J:\emrg\next\crates_files\Power_Crates.jpg --> www.willowfalls.ca /.public_html/emrg/next/crates_files Power_Crates.jpg
2006.02.01 18:51 B J:\emrg\next\crates_files\Radio_Crates.jpg --> www.willowfalls.ca /.public_html/emrg/next/crates_files Radio_Crates.jpg
2006.02.01 18:51 B J:\emrg\next\crates_files\Standard_Height_Crate.jpg --> www.willowfalls.ca /.public_html/emrg/next/crates_files Standard_Height_Crate.jpg
2006.02.01 18:51 B J:\emrg\next\crates_files\WS_FTP.LOG --> www.willowfalls.ca /.public_html/emrg/next/crates_files WS_FTP.LOG
