104.02.01 06:44 B M:\INTERNET\Development Files\fivequestions_files\Filelist.xml --> www.willowfalls.ca /.public_html/emrg/fivequestions_files Filelist.xml
104.02.01 06:44 B M:\INTERNET\Development Files\fivequestions_files\fivequestions.css --> www.willowfalls.ca /.public_html/emrg/fivequestions_files fivequestions.css
104.02.01 06:44 B M:\INTERNET\Development Files\fivequestions_files\fivequestions_data.xml --> www.willowfalls.ca /.public_html/emrg/fivequestions_files fivequestions_data.xml
104.02.01 06:44 B M:\INTERNET\Development Files\fivequestions_files\fivequestions_frames.htm --> www.willowfalls.ca /.public_html/emrg/fivequestions_files fivequestions_frames.htm
104.02.01 06:44 B M:\INTERNET\Development Files\fivequestions_files\fivequestions_gif_1.gif --> www.willowfalls.ca /.public_html/emrg/fivequestions_files fivequestions_gif_1.gif
104.02.01 06:44 B M:\INTERNET\Development Files\fivequestions_files\fivequestions_gif_1.htm --> www.willowfalls.ca /.public_html/emrg/fivequestions_files fivequestions_gif_1.htm
104.02.01 06:44 B M:\INTERNET\Development Files\fivequestions_files\fivequestions_nav2.htm --> www.willowfalls.ca /.public_html/emrg/fivequestions_files fivequestions_nav2.htm
104.02.01 06:44 B M:\INTERNET\Development Files\fivequestions_files\fivequestions_utils.js --> www.willowfalls.ca /.public_html/emrg/fivequestions_files fivequestions_utils.js
104.02.01 06:44 B M:\INTERNET\Development Files\fivequestions_files\fivequestions_zoom.htm --> www.willowfalls.ca /.public_html/emrg/fivequestions_files fivequestions_zoom.htm
104.02.01 06:44 B M:\INTERNET\Development Files\fivequestions_files\lt_off.gif --> www.willowfalls.ca /.public_html/emrg/fivequestions_files lt_off.gif
104.02.01 06:44 B M:\INTERNET\Development Files\fivequestions_files\lt_over.gif --> www.willowfalls.ca /.public_html/emrg/fivequestions_files lt_over.gif
104.02.01 06:44 B M:\INTERNET\Development Files\fivequestions_files\rt_off.gif --> www.willowfalls.ca /.public_html/emrg/fivequestions_files rt_off.gif
104.02.01 06:44 B M:\INTERNET\Development Files\fivequestions_files\rt_over.gif --> www.willowfalls.ca /.public_html/emrg/fivequestions_files rt_over.gif
104.02.01 11:00 B M:\INTERNET\Development Files\fivequestions_files\Filelist.xml --> www.willowfalls.ca /.public_html/emrg/fivequestions_files Filelist.xml
104.02.01 11:00 B M:\INTERNET\Development Files\fivequestions_files\fivequestions.css --> www.willowfalls.ca /.public_html/emrg/fivequestions_files fivequestions.css
104.02.01 11:00 B M:\INTERNET\Development Files\fivequestions_files\fivequestions_data.xml --> www.willowfalls.ca /.public_html/emrg/fivequestions_files fivequestions_data.xml
104.02.01 11:00 B M:\INTERNET\Development Files\fivequestions_files\fivequestions_frames.htm --> www.willowfalls.ca /.public_html/emrg/fivequestions_files fivequestions_frames.htm
104.02.01 11:00 B M:\INTERNET\Development Files\fivequestions_files\fivequestions_gif_1.gif --> www.willowfalls.ca /.public_html/emrg/fivequestions_files fivequestions_gif_1.gif
104.02.01 11:00 B M:\INTERNET\Development Files\fivequestions_files\fivequestions_gif_1.htm --> www.willowfalls.ca /.public_html/emrg/fivequestions_files fivequestions_gif_1.htm
104.02.01 11:00 B M:\INTERNET\Development Files\fivequestions_files\fivequestions_nav2.htm --> www.willowfalls.ca /.public_html/emrg/fivequestions_files fivequestions_nav2.htm
104.02.01 11:00 B M:\INTERNET\Development Files\fivequestions_files\fivequestions_utils.js --> www.willowfalls.ca /.public_html/emrg/fivequestions_files fivequestions_utils.js
104.02.01 11:00 B M:\INTERNET\Development Files\fivequestions_files\fivequestions_zoom.htm --> www.willowfalls.ca /.public_html/emrg/fivequestions_files fivequestions_zoom.htm
104.02.01 11:00 B M:\INTERNET\Development Files\fivequestions_files\lt_off.gif --> www.willowfalls.ca /.public_html/emrg/fivequestions_files lt_off.gif
104.02.01 11:00 B M:\INTERNET\Development Files\fivequestions_files\lt_over.gif --> www.willowfalls.ca /.public_html/emrg/fivequestions_files lt_over.gif
104.02.01 11:00 B M:\INTERNET\Development Files\fivequestions_files\rt_off.gif --> www.willowfalls.ca /.public_html/emrg/fivequestions_files rt_off.gif
104.02.01 11:00 B M:\INTERNET\Development Files\fivequestions_files\rt_over.gif --> www.willowfalls.ca /.public_html/emrg/fivequestions_files rt_over.gif
104.02.14 08:27 B M:\internet\Development Files\fivequestions_files\Filelist.xml --> www.willowfalls.ca /.public_html/emrg/fivequestions_files Filelist.xml
104.02.14 08:27 B M:\internet\Development Files\fivequestions_files\fivequestions.css --> www.willowfalls.ca /.public_html/emrg/fivequestions_files fivequestions.css
104.02.14 08:27 B M:\internet\Development Files\fivequestions_files\fivequestions_data.xml --> www.willowfalls.ca /.public_html/emrg/fivequestions_files fivequestions_data.xml
104.02.14 08:27 B M:\internet\Development Files\fivequestions_files\fivequestions_frames.htm --> www.willowfalls.ca /.public_html/emrg/fivequestions_files fivequestions_frames.htm
104.02.14 08:27 B M:\internet\Development Files\fivequestions_files\fivequestions_gif_1.gif --> www.willowfalls.ca /.public_html/emrg/fivequestions_files fivequestions_gif_1.gif
104.02.14 08:27 B M:\internet\Development Files\fivequestions_files\fivequestions_gif_1.htm --> www.willowfalls.ca /.public_html/emrg/fivequestions_files fivequestions_gif_1.htm
104.02.14 08:27 B M:\internet\Development Files\fivequestions_files\fivequestions_nav2.htm --> www.willowfalls.ca /.public_html/emrg/fivequestions_files fivequestions_nav2.htm
104.02.14 08:27 B M:\internet\Development Files\fivequestions_files\fivequestions_utils.js --> www.willowfalls.ca /.public_html/emrg/fivequestions_files fivequestions_utils.js
104.02.14 08:27 B M:\internet\Development Files\fivequestions_files\fivequestions_zoom.htm --> www.willowfalls.ca /.public_html/emrg/fivequestions_files fivequestions_zoom.htm
104.02.14 08:27 B M:\internet\Development Files\fivequestions_files\lt_off.gif --> www.willowfalls.ca /.public_html/emrg/fivequestions_files lt_off.gif
104.02.14 08:27 B M:\internet\Development Files\fivequestions_files\lt_over.gif --> www.willowfalls.ca /.public_html/emrg/fivequestions_files lt_over.gif
104.02.14 08:27 B M:\internet\Development Files\fivequestions_files\rt_off.gif --> www.willowfalls.ca /.public_html/emrg/fivequestions_files rt_off.gif
104.02.14 08:27 B M:\internet\Development Files\fivequestions_files\rt_over.gif --> www.willowfalls.ca /.public_html/emrg/fivequestions_files rt_over.gif
104.11.18 19:31 B M:\INTERNET\www.emrg.ca\documents\meetings\fivequestions_files\Filelist.xml --> www.willowfalls.ca /.public_html/emrg/documents/meetings/fivequestions_files Filelist.xml
104.11.18 19:31 B M:\INTERNET\www.emrg.ca\documents\meetings\fivequestions_files\fivequestions.css --> www.willowfalls.ca /.public_html/emrg/documents/meetings/fivequestions_files fivequestions.css
104.11.18 19:31 B M:\INTERNET\www.emrg.ca\documents\meetings\fivequestions_files\fivequestions_data.xml --> www.willowfalls.ca /.public_html/emrg/documents/meetings/fivequestions_files fivequestions_data.xml
104.11.18 19:31 B M:\INTERNET\www.emrg.ca\documents\meetings\fivequestions_files\fivequestions_frames.htm --> www.willowfalls.ca /.public_html/emrg/documents/meetings/fivequestions_files fivequestions_frames.htm
104.11.18 19:31 B M:\INTERNET\www.emrg.ca\documents\meetings\fivequestions_files\fivequestions_gif_1.gif --> www.willowfalls.ca /.public_html/emrg/documents/meetings/fivequestions_files fivequestions_gif_1.gif
104.11.18 19:31 B M:\INTERNET\www.emrg.ca\documents\meetings\fivequestions_files\fivequestions_gif_1.htm --> www.willowfalls.ca /.public_html/emrg/documents/meetings/fivequestions_files fivequestions_gif_1.htm
104.11.18 19:31 B M:\INTERNET\www.emrg.ca\documents\meetings\fivequestions_files\fivequestions_nav2.htm --> www.willowfalls.ca /.public_html/emrg/documents/meetings/fivequestions_files fivequestions_nav2.htm
104.11.18 19:31 B M:\INTERNET\www.emrg.ca\documents\meetings\fivequestions_files\fivequestions_utils.js --> www.willowfalls.ca /.public_html/emrg/documents/meetings/fivequestions_files fivequestions_utils.js
104.11.18 19:31 B M:\INTERNET\www.emrg.ca\documents\meetings\fivequestions_files\fivequestions_zoom.htm --> www.willowfalls.ca /.public_html/emrg/documents/meetings/fivequestions_files fivequestions_zoom.htm
104.11.18 19:31 B M:\INTERNET\www.emrg.ca\documents\meetings\fivequestions_files\lt_off.gif --> www.willowfalls.ca /.public_html/emrg/documents/meetings/fivequestions_files lt_off.gif
104.11.18 19:31 B M:\INTERNET\www.emrg.ca\documents\meetings\fivequestions_files\lt_over.gif --> www.willowfalls.ca /.public_html/emrg/documents/meetings/fivequestions_files lt_over.gif
104.11.18 19:31 B M:\INTERNET\www.emrg.ca\documents\meetings\fivequestions_files\rt_off.gif --> www.willowfalls.ca /.public_html/emrg/documents/meetings/fivequestions_files rt_off.gif
104.11.18 19:31 B M:\INTERNET\www.emrg.ca\documents\meetings\fivequestions_files\rt_over.gif --> www.willowfalls.ca /.public_html/emrg/documents/meetings/fivequestions_files rt_over.gif
2005.12.13 16:42 B C:\emrg_website\.public_html\emrg\documents\meetings\fivequestions_files\WS_FTP.LOG <-- emrg /.public_html/emrg/documents/meetings/fivequestions_files WS_FTP.LOG
