104.12.02 10:54 B M:\INTERNET\www.emrg.ca\technical\standard_interface\objectives.html --> www.willowfalls.ca /.public_html/emrg/technical/standard_interface objectives.html
104.12.02 10:54 B M:\INTERNET\www.emrg.ca\technical\standard_interface\standard_user_interface.htm --> www.willowfalls.ca /.public_html/emrg/technical/standard_interface standard_user_interface.htm
104.12.02 10:54 B M:\INTERNET\www.emrg.ca\technical\standard_interface\Thumbs.db --> www.willowfalls.ca /.public_html/emrg/technical/standard_interface Thumbs.db
104.12.02 10:54 B M:\INTERNET\www.emrg.ca\technical\standard_interface\UI_Back.jpg --> www.willowfalls.ca /.public_html/emrg/technical/standard_interface UI_Back.jpg
104.12.02 10:54 B M:\INTERNET\www.emrg.ca\technical\standard_interface\UI_Front.jpg --> www.willowfalls.ca /.public_html/emrg/technical/standard_interface UI_Front.jpg
104.12.02 10:54 B M:\INTERNET\www.emrg.ca\technical\standard_interface\UI_Internal.jpg --> www.willowfalls.ca /.public_html/emrg/technical/standard_interface UI_Internal.jpg
104.12.02 18:37 B M:\INTERNET\www.emrg.ca\technical\standard_interface\Cable_shielding_options.jpg --> www.willowfalls.ca /.public_html/emrg/technical/standard_interface Cable_shielding_options.jpg
104.12.02 18:37 B M:\INTERNET\www.emrg.ca\technical\standard_interface\Extension.jpg --> www.willowfalls.ca /.public_html/emrg/technical/standard_interface Extension.jpg
104.12.02 18:37 B M:\INTERNET\www.emrg.ca\technical\standard_interface\standard_user_interface.htm --> www.willowfalls.ca /.public_html/emrg/technical/standard_interface standard_user_interface.htm
104.12.03 05:05 B M:\INTERNET\www.emrg.ca\technical\standard_interface\Cable_shielding_options.jpg --> www.willowfalls.ca /.public_html/emrg/technical/standard_interface Cable_shielding_options.jpg
104.12.03 05:05 B M:\INTERNET\www.emrg.ca\technical\standard_interface\Extension.jpg --> www.willowfalls.ca /.public_html/emrg/technical/standard_interface Extension.jpg
104.12.03 05:05 B M:\INTERNET\www.emrg.ca\technical\standard_interface\objectives.html --> www.willowfalls.ca /.public_html/emrg/technical/standard_interface objectives.html
104.12.03 05:05 B M:\INTERNET\www.emrg.ca\technical\standard_interface\standard_interface.htm --> www.willowfalls.ca /.public_html/emrg/technical/standard_interface standard_interface.htm
104.12.03 05:05 B M:\INTERNET\www.emrg.ca\technical\standard_interface\standard_radio_drawings.htm --> www.willowfalls.ca /.public_html/emrg/technical/standard_interface standard_radio_drawings.htm
104.12.03 05:05 B M:\INTERNET\www.emrg.ca\technical\standard_interface\standard_radio_interface.htm --> www.willowfalls.ca /.public_html/emrg/technical/standard_interface standard_radio_interface.htm
104.12.03 05:05 B M:\INTERNET\www.emrg.ca\technical\standard_interface\standard_user_drawings.htm --> www.willowfalls.ca /.public_html/emrg/technical/standard_interface standard_user_drawings.htm
104.12.03 05:05 B M:\INTERNET\www.emrg.ca\technical\standard_interface\standard_user_interface.htm --> www.willowfalls.ca /.public_html/emrg/technical/standard_interface standard_user_interface.htm
104.12.03 05:05 B M:\INTERNET\www.emrg.ca\technical\standard_interface\Thumbs.db --> www.willowfalls.ca /.public_html/emrg/technical/standard_interface Thumbs.db
104.12.03 05:05 B M:\INTERNET\www.emrg.ca\technical\standard_interface\UI_Back.jpg --> www.willowfalls.ca /.public_html/emrg/technical/standard_interface UI_Back.jpg
104.12.03 05:05 B M:\INTERNET\www.emrg.ca\technical\standard_interface\UI_Front.jpg --> www.willowfalls.ca /.public_html/emrg/technical/standard_interface UI_Front.jpg
104.12.03 05:05 B M:\INTERNET\www.emrg.ca\technical\standard_interface\UI_Internal.jpg --> www.willowfalls.ca /.public_html/emrg/technical/standard_interface UI_Internal.jpg
104.12.03 05:11 B M:\INTERNET\www.emrg.ca\technical\standard_interface\standard_index.htm --> www.willowfalls.ca /.public_html/emrg/technical/standard_interface standard_index.htm
104.12.05 10:28 B M:\INTERNET\www.emrg.ca\technical\standard_interface\objectives.htm --> www.willowfalls.ca /.public_html/emrg/technical/standard_interface objectives.htm
105.01.01 07:35 B M:\INTERNET\www.emrg.ca\technical\standards\Cable_shielding_options.jpg --> www.willowfalls.ca /.public_html/emrg/technical/standards Cable_shielding_options.jpg
105.01.01 07:35 B M:\INTERNET\www.emrg.ca\technical\standards\Extension.jpg --> www.willowfalls.ca /.public_html/emrg/technical/standards Extension.jpg
105.01.01 07:35 B M:\INTERNET\www.emrg.ca\technical\standards\objectives.htm --> www.willowfalls.ca /.public_html/emrg/technical/standards objectives.htm
105.01.01 07:35 B M:\INTERNET\www.emrg.ca\technical\standards\standard_index.htm --> www.willowfalls.ca /.public_html/emrg/technical/standards standard_index.htm
105.01.01 07:35 B M:\INTERNET\www.emrg.ca\technical\standards\standard_radio_drawings.htm --> www.willowfalls.ca /.public_html/emrg/technical/standards standard_radio_drawings.htm
105.01.01 07:35 B M:\INTERNET\www.emrg.ca\technical\standards\standard_radio_interface.htm --> www.willowfalls.ca /.public_html/emrg/technical/standards standard_radio_interface.htm
105.01.01 07:35 B M:\INTERNET\www.emrg.ca\technical\standards\standard_user_drawings.htm --> www.willowfalls.ca /.public_html/emrg/technical/standards standard_user_drawings.htm
105.01.01 07:35 B M:\INTERNET\www.emrg.ca\technical\standards\standard_user_interface.htm --> www.willowfalls.ca /.public_html/emrg/technical/standards standard_user_interface.htm
105.01.01 07:35 B M:\INTERNET\www.emrg.ca\technical\standards\Thumbs.db --> www.willowfalls.ca /.public_html/emrg/technical/standards Thumbs.db
105.01.01 07:35 B M:\INTERNET\www.emrg.ca\technical\standards\UI_Back.jpg --> www.willowfalls.ca /.public_html/emrg/technical/standards UI_Back.jpg
105.01.01 07:35 B M:\INTERNET\www.emrg.ca\technical\standards\UI_Front.jpg --> www.willowfalls.ca /.public_html/emrg/technical/standards UI_Front.jpg
105.01.01 07:35 B M:\INTERNET\www.emrg.ca\technical\standards\UI_Internal.jpg --> www.willowfalls.ca /.public_html/emrg/technical/standards UI_Internal.jpg
2005.12.13 17:48 B C:\emrg_website\.public_html\emrg\technical\standards\WS_FTP.LOG <-- emrg /.public_html/emrg/technical/standards WS_FTP.LOG
