2006.02.01 19:21 A J:\emrg\next\2002accomplishments.htm --> www.willowfalls.ca /.public_html/emrg/next 2002accomplishments.htm
2006.02.01 19:21 A J:\emrg\next\acronyms.htm --> www.willowfalls.ca /.public_html/emrg/next acronyms.htm
2006.02.01 19:21 A J:\emrg\next\allabout.htm --> www.willowfalls.ca /.public_html/emrg/next allabout.htm
2006.02.01 19:21 A J:\emrg\next\amateurmyths.htm --> www.willowfalls.ca /.public_html/emrg/next amateurmyths.htm
2006.02.01 19:21 A J:\emrg\next\anderson_powerpole.htm --> www.willowfalls.ca /.public_html/emrg/next anderson_powerpole.htm
2006.02.01 19:21 A J:\emrg\next\antenna_mounts.htm --> www.willowfalls.ca /.public_html/emrg/next antenna_mounts.htm
2006.02.01 19:21 A J:\emrg\next\antenna_party.htm --> www.willowfalls.ca /.public_html/emrg/next antenna_party.htm
2006.02.01 19:21 A J:\emrg\next\antennas.htm --> www.willowfalls.ca /.public_html/emrg/next antennas.htm
2006.02.01 19:21 A J:\emrg\next\ares.htm --> www.willowfalls.ca /.public_html/emrg/next ares.htm
2006.02.01 19:23 B J:\emrg\next\ARES_Meeting_2005_02_26.ppt --> www.willowfalls.ca /.public_html/emrg/next ARES_Meeting_2005_02_26.ppt
2006.02.01 19:23 A J:\emrg\next\audio_distribution.htm --> www.willowfalls.ca /.public_html/emrg/next audio_distribution.htm
2006.02.01 19:23 A J:\emrg\next\audio_distribution_project_01.htm --> www.willowfalls.ca /.public_html/emrg/next audio_distribution_project_01.htm
2006.02.01 19:23 A J:\emrg\next\audio_distribution_project_02.htm --> www.willowfalls.ca /.public_html/emrg/next audio_distribution_project_02.htm
2006.02.01 19:23 A J:\emrg\next\battery_care.htm --> www.willowfalls.ca /.public_html/emrg/next battery_care.htm
2006.02.01 19:24 B J:\emrg\next\Battery_Case_Wiring_VE3UNW.pdf --> www.willowfalls.ca /.public_html/emrg/next Battery_Case_Wiring_VE3UNW.pdf
2006.02.01 19:24 A J:\emrg\next\cable.htm --> www.willowfalls.ca /.public_html/emrg/next cable.htm
2006.02.01 19:24 A J:\emrg\next\communicatingthroughglass.htm --> www.willowfalls.ca /.public_html/emrg/next communicatingthroughglass.htm
2006.02.01 19:24 A J:\emrg\next\community_interfaces.htm --> www.willowfalls.ca /.public_html/emrg/next community_interfaces.htm
2006.02.01 19:24 A J:\emrg\next\contactus.htm --> www.willowfalls.ca /.public_html/emrg/next contactus.htm
2006.02.01 19:24 A J:\emrg\next\crates.htm --> www.willowfalls.ca /.public_html/emrg/next crates.htm
2006.02.01 19:24 A J:\emrg\next\crossband.htm --> www.willowfalls.ca /.public_html/emrg/next crossband.htm
2006.02.01 19:24 A J:\emrg\next\dc_wiring.htm --> www.willowfalls.ca /.public_html/emrg/next dc_wiring.htm
2006.02.01 19:24 B J:\emrg\next\District ARES Trip To Kingston.pdf --> www.willowfalls.ca /.public_html/emrg/next District ARES Trip To Kingston.pdf
2006.02.01 19:24 B J:\emrg\next\Dual_Band_Tech_Session.ppt --> www.willowfalls.ca /.public_html/emrg/next Dual_Band_Tech_Session.ppt
2006.02.01 19:24 A J:\emrg\next\EMRG-000_official_documents_index.htm --> www.willowfalls.ca /.public_html/emrg/next EMRG-000_official_documents_index.htm
2006.02.01 19:24 B J:\emrg\next\EMRG-001_Document_List.pdf --> www.willowfalls.ca /.public_html/emrg/next EMRG-001_Document_List.pdf
2006.02.01 19:25 B J:\emrg\next\EMRG-003_MSWord_Template.dot --> www.willowfalls.ca /.public_html/emrg/next EMRG-003_MSWord_Template.dot
2006.02.01 19:25 B J:\emrg\next\EMRG-004_Document_Style_Definitions.pdf --> www.willowfalls.ca /.public_html/emrg/next EMRG-004_Document_Style_Definitions.pdf
2006.02.01 19:26 B J:\emrg\next\EMRG-005_MSWord_Short_Template.dot --> www.willowfalls.ca /.public_html/emrg/next EMRG-005_MSWord_Short_Template.dot
2006.02.01 19:26 B J:\emrg\next\EMRG-006_MS_PowerPoint_Drawing_Template.pot --> www.willowfalls.ca /.public_html/emrg/next EMRG-006_MS_PowerPoint_Drawing_Template.pot
2006.02.01 19:26 A J:\emrg\next\EMRG-006_Training_Plan.htm --> www.willowfalls.ca /.public_html/emrg/next EMRG-006_Training_Plan.htm
2006.02.01 19:26 A J:\emrg\next\EMRG-09R_Equipment_Kits.htm --> www.willowfalls.ca /.public_html/emrg/next EMRG-09R_Equipment_Kits.htm
2006.02.01 19:26 B J:\emrg\next\EMRG-103_Notification_Plan.pdf --> www.willowfalls.ca /.public_html/emrg/next EMRG-103_Notification_Plan.pdf
2006.02.01 19:27 B J:\emrg\next\EMRG-105_Activation_Plan.pdf --> www.willowfalls.ca /.public_html/emrg/next EMRG-105_Activation_Plan.pdf
2006.02.01 19:27 B J:\emrg\next\EMRG-201_Twin_Lead_J-Pole.pdf --> www.willowfalls.ca /.public_html/emrg/next EMRG-201_Twin_Lead_J-Pole.pdf
2006.02.01 19:27 B J:\emrg\next\EMRG-202_Tape_Measure_Discone.pdf --> www.willowfalls.ca /.public_html/emrg/next EMRG-202_Tape_Measure_Discone.pdf
2006.02.01 19:27 B J:\emrg\next\EMRG-203_Kenwood_TM-2530_User_Guide.pdf --> www.willowfalls.ca /.public_html/emrg/next EMRG-203_Kenwood_TM-2530_User_Guide.pdf
2006.02.01 19:28 B J:\emrg\next\EMRG-207_Draft.doc --> www.willowfalls.ca /.public_html/emrg/next EMRG-207_Draft.doc
2006.02.01 19:29 B J:\emrg\next\EMRG-208_Motorola_Moxy_User_Guide.pdf --> www.willowfalls.ca /.public_html/emrg/next EMRG-208_Motorola_Moxy_User_Guide.pdf
2006.02.01 19:29 B J:\emrg\next\EMRG-210_Standard_Radio_Interface.pdf --> www.willowfalls.ca /.public_html/emrg/next EMRG-210_Standard_Radio_Interface.pdf
2006.02.01 19:29 B J:\emrg\next\EMRG-211_SLVRC_Frequency_List.pdf --> www.willowfalls.ca /.public_html/emrg/next EMRG-211_SLVRC_Frequency_List.pdf
2006.02.01 19:30 B J:\emrg\next\EMRG-212_Headphone_Control.pdf --> www.willowfalls.ca /.public_html/emrg/next EMRG-212_Headphone_Control.pdf
2006.02.01 19:30 B J:\emrg\next\EMRG-305_Inventory_Management_Guidelines.pdf --> www.willowfalls.ca /.public_html/emrg/next EMRG-305_Inventory_Management_Guidelines.pdf
2006.02.01 19:30 B J:\emrg\next\EMRG-312_Financial_Management.pdf --> www.willowfalls.ca /.public_html/emrg/next EMRG-312_Financial_Management.pdf
2006.02.01 19:30 B J:\emrg\next\EMRG-402_The_Four_Cs_of_Communications.pdf --> www.willowfalls.ca /.public_html/emrg/next EMRG-402_The_Four_Cs_of_Communications.pdf
2006.02.01 19:30 B J:\emrg\next\EMRG-403_Dual_Band_Tech_Session.ppt --> www.willowfalls.ca /.public_html/emrg/next EMRG-403_Dual_Band_Tech_Session.ppt
2006.02.01 19:31 B J:\emrg\next\EMRG-404_Introduction_To_EMRG.pdf --> www.willowfalls.ca /.public_html/emrg/next EMRG-404_Introduction_To_EMRG.pdf
2006.02.01 19:31 B J:\emrg\next\EMRG-501_Emergency_Communications_Log.pdf --> www.willowfalls.ca /.public_html/emrg/next EMRG-501_Emergency_Communications_Log.pdf
2006.02.01 19:31 B J:\emrg\next\EMRG-502_Resource_Tracking_Log.pdf --> www.willowfalls.ca /.public_html/emrg/next EMRG-502_Resource_Tracking_Log.pdf
2006.02.01 19:32 B J:\emrg\next\EMRG-503_Resource_Assignment_Chart.pdf --> www.willowfalls.ca /.public_html/emrg/next EMRG-503_Resource_Assignment_Chart.pdf
2006.02.01 19:32 B J:\emrg\next\EMRG-504_Membership_Form.pdf --> www.willowfalls.ca /.public_html/emrg/next EMRG-504_Membership_Form.pdf
2006.02.01 19:32 B J:\emrg\next\EMRG-505_Sign_In_Sheet.pdf --> www.willowfalls.ca /.public_html/emrg/next EMRG-505_Sign_In_Sheet.pdf
2006.02.01 19:32 B J:\emrg\next\EMRG-506_Dispatch_Centre_Personnel_Report.pdf --> www.willowfalls.ca /.public_html/emrg/next EMRG-506_Dispatch_Centre_Personnel_Report.pdf
2006.02.01 19:32 B J:\emrg\next\EMRG-507_Folded_Brochure.pdf --> www.willowfalls.ca /.public_html/emrg/next EMRG-507_Folded_Brochure.pdf
2006.02.01 19:32 B J:\emrg\next\EMRG-508_Radio_Test_Log.pdf --> www.willowfalls.ca /.public_html/emrg/next EMRG-508_Radio_Test_Log.pdf
2006.02.01 19:32 B J:\emrg\next\EMRG-509_Meeting_Direction_Signs.ppt --> www.willowfalls.ca /.public_html/emrg/next EMRG-509_Meeting_Direction_Signs.ppt
2006.02.01 19:32 B J:\emrg\next\EMRG-510_Expense_Voucher.pdf --> www.willowfalls.ca /.public_html/emrg/next EMRG-510_Expense_Voucher.pdf
2006.02.01 19:32 B J:\emrg\next\EMRG-511_Receipt_Statement.pdf --> www.willowfalls.ca /.public_html/emrg/next EMRG-511_Receipt_Statement.pdf
2006.02.01 19:32 B J:\emrg\next\EMRG-512_Activation_Worksheet.pdf --> www.willowfalls.ca /.public_html/emrg/next EMRG-512_Activation_Worksheet.pdf
2006.02.01 19:32 B J:\emrg\next\EMRG-513_Net_Preambles.pdf --> www.willowfalls.ca /.public_html/emrg/next EMRG-513_Net_Preambles.pdf
2006.02.01 19:34 B J:\emrg\next\EMRG-514_Exercise_Position_Descriptions.pdf --> www.willowfalls.ca /.public_html/emrg/next EMRG-514_Exercise_Position_Descriptions.pdf
2006.02.01 19:34 B J:\emrg\next\EMRG-615_Initial_Packet_Network_Plan.pdf --> www.willowfalls.ca /.public_html/emrg/next EMRG-615_Initial_Packet_Network_Plan.pdf
2006.02.01 19:34 B J:\emrg\next\EMRG-701_Activation_Ontario_Power_Outage.pdf --> www.willowfalls.ca /.public_html/emrg/next EMRG-701_Activation_Ontario_Power_Outage.pdf
2006.02.01 19:34 B J:\emrg\next\EMRG-702_Ice_Storm_98.pdf --> www.willowfalls.ca /.public_html/emrg/next EMRG-702_Ice_Storm_98.pdf
2006.02.01 19:35 B J:\emrg\next\EMRG-703_Exercise_Integration.pdf --> www.willowfalls.ca /.public_html/emrg/next EMRG-703_Exercise_Integration.pdf
2006.02.01 19:35 B J:\emrg\next\EMRG-704_Exercise_Messanger_SET_2002.pdf --> www.willowfalls.ca /.public_html/emrg/next EMRG-704_Exercise_Messanger_SET_2002.pdf
2006.02.01 19:35 B J:\emrg\next\EMRG-705_SET_2003.pdf --> www.willowfalls.ca /.public_html/emrg/next EMRG-705_SET_2003.pdf
2006.02.01 19:35 B J:\emrg\next\EMRG-706_SET_2004.pdf --> www.willowfalls.ca /.public_html/emrg/next EMRG-706_SET_2004.pdf
2006.02.01 19:45 B J:\emrg\next\EMRG-706_SET_2004_Audio_File.WAV --> www.willowfalls.ca /.public_html/emrg/next EMRG-706_SET_2004_Audio_File.WAV
2006.02.01 19:45 B J:\emrg\next\EMRG-708_Table_Top_2005_01_22.pdf --> www.willowfalls.ca /.public_html/emrg/next EMRG-708_Table_Top_2005_01_22.pdf
2006.02.01 19:45 B J:\emrg\next\EMRG_5_Year_Plan.doc --> www.willowfalls.ca /.public_html/emrg/next EMRG_5_Year_Plan.doc
2006.02.01 19:45 A J:\emrg\next\EMRG_introduction.htm --> www.willowfalls.ca /.public_html/emrg/next EMRG_introduction.htm
2006.02.01 19:45 B J:\emrg\next\EMRG_Meeting_Notes_2005_01_22.pdf --> www.willowfalls.ca /.public_html/emrg/next EMRG_Meeting_Notes_2005_01_22.pdf
2006.02.01 19:45 B J:\emrg\next\EMRG_Role_&_Value.ppt --> www.willowfalls.ca /.public_html/emrg/next EMRG_Role_&_Value.ppt
2006.02.01 19:45 A J:\emrg\next\epd_2002_05_06.htm --> www.willowfalls.ca /.public_html/emrg/next epd_2002_05_06.htm
2006.02.01 19:45 A J:\emrg\next\examples.htm --> www.willowfalls.ca /.public_html/emrg/next examples.htm
2006.02.01 19:45 A J:\emrg\next\fivequestions.htm --> www.willowfalls.ca /.public_html/emrg/next fivequestions.htm
2006.02.01 19:45 A J:\emrg\next\frs.htm --> www.willowfalls.ca /.public_html/emrg/next frs.htm
2006.02.01 19:45 A J:\emrg\next\fuses.htm --> www.willowfalls.ca /.public_html/emrg/next fuses.htm
2006.02.01 19:46 B J:\emrg\next\gm_2004_01_31_presentation.ppt --> www.willowfalls.ca /.public_html/emrg/next gm_2004_01_31_presentation.ppt
2006.02.01 19:46 B J:\emrg\next\gm_2004_09_25_notes.pdf --> www.willowfalls.ca /.public_html/emrg/next gm_2004_09_25_notes.pdf
2006.02.01 19:46 B J:\emrg\next\gm_2005_09_17_notes.pdf --> www.willowfalls.ca /.public_html/emrg/next gm_2005_09_17_notes.pdf
2006.02.01 19:46 A J:\emrg\next\index.htm --> www.willowfalls.ca /.public_html/emrg/next index.htm
2006.02.01 19:46 A J:\emrg\next\insurance.htm --> www.willowfalls.ca /.public_html/emrg/next insurance.htm
2006.02.01 19:46 A J:\emrg\next\irtxrx.htm --> www.willowfalls.ca /.public_html/emrg/next irtxrx.htm
2006.02.01 19:46 A J:\emrg\next\javascript_test.htm --> www.willowfalls.ca /.public_html/emrg/next javascript_test.htm
2006.02.01 19:46 A J:\emrg\next\library.htm --> www.willowfalls.ca /.public_html/emrg/next library.htm
2006.02.01 19:46 A J:\emrg\next\links.htm --> www.willowfalls.ca /.public_html/emrg/next links.htm
2006.02.01 19:46 A J:\emrg\next\list_server.htm --> www.willowfalls.ca /.public_html/emrg/next list_server.htm
2006.02.01 19:46 A J:\emrg\next\list_server_messages.htm --> www.willowfalls.ca /.public_html/emrg/next list_server_messages.htm
2006.02.01 19:46 A J:\emrg\next\list_server_send.htm --> www.willowfalls.ca /.public_html/emrg/next list_server_send.htm
2006.02.01 19:46 A J:\emrg\next\list_server_subscribe.htm --> www.willowfalls.ca /.public_html/emrg/next list_server_subscribe.htm
2006.02.01 19:46 A J:\emrg\next\list_server_unsubscribe.htm --> www.willowfalls.ca /.public_html/emrg/next list_server_unsubscribe.htm
2006.02.01 19:46 A J:\emrg\next\maps.htm --> www.willowfalls.ca /.public_html/emrg/next maps.htm
2006.02.01 19:46 A J:\emrg\next\meetings.htm --> www.willowfalls.ca /.public_html/emrg/next meetings.htm
2006.02.01 19:49 B J:\emrg\next\More_Fun_With_Powerpoles_VE3FFK.pdf --> www.willowfalls.ca /.public_html/emrg/next More_Fun_With_Powerpoles_VE3FFK.pdf
2006.02.01 19:50 B J:\emrg\next\nl199610.pdf --> www.willowfalls.ca /.public_html/emrg/next nl199610.pdf
2006.02.01 19:50 B J:\emrg\next\nl199701.pdf --> www.willowfalls.ca /.public_html/emrg/next nl199701.pdf
2006.02.01 19:50 B J:\emrg\next\nl199804.pdf --> www.willowfalls.ca /.public_html/emrg/next nl199804.pdf
2006.02.01 19:51 B J:\emrg\next\nl199809.pdf --> www.willowfalls.ca /.public_html/emrg/next nl199809.pdf
2006.02.01 19:51 B J:\emrg\next\nl199901.pdf --> www.willowfalls.ca /.public_html/emrg/next nl199901.pdf
2006.02.01 19:52 B J:\emrg\next\nl199904.pdf --> www.willowfalls.ca /.public_html/emrg/next nl199904.pdf
2006.02.01 19:52 B J:\emrg\next\nl200003.pdf --> www.willowfalls.ca /.public_html/emrg/next nl200003.pdf
2006.02.01 19:52 A J:\emrg\next\nl200201.htm --> www.willowfalls.ca /.public_html/emrg/next nl200201.htm
2006.02.01 19:58 B J:\emrg\next\nl200204.pdf --> www.willowfalls.ca /.public_html/emrg/next nl200204.pdf
2006.02.01 19:59 B J:\emrg\next\nl200209.pdf --> www.willowfalls.ca /.public_html/emrg/next nl200209.pdf
2006.02.01 19:59 A J:\emrg\next\nl200301.htm --> www.willowfalls.ca /.public_html/emrg/next nl200301.htm
2006.02.01 20:00 B J:\emrg\next\nl200501.pdf --> www.willowfalls.ca /.public_html/emrg/next nl200501.pdf
2006.02.01 20:00 B J:\emrg\next\nl200504.pdf --> www.willowfalls.ca /.public_html/emrg/next nl200504.pdf
2006.02.01 20:04 B J:\emrg\next\nl200511.pdf --> www.willowfalls.ca /.public_html/emrg/next nl200511.pdf
2006.02.01 20:04 B J:\emrg\next\nl200511_lite.pdf --> www.willowfalls.ca /.public_html/emrg/next nl200511_lite.pdf
2006.02.01 20:04 A J:\emrg\next\nl_index.htm --> www.willowfalls.ca /.public_html/emrg/next nl_index.htm
2006.02.01 20:04 A J:\emrg\next\nvis_antennas.htm --> www.willowfalls.ca /.public_html/emrg/next nvis_antennas.htm
2006.02.01 20:04 A J:\emrg\next\nvis_emrg.htm --> www.willowfalls.ca /.public_html/emrg/next nvis_emrg.htm
2006.02.01 20:04 A J:\emrg\next\nvis_index.htm --> www.willowfalls.ca /.public_html/emrg/next nvis_index.htm
2006.02.01 20:04 A J:\emrg\next\nvis_intro.htm --> www.willowfalls.ca /.public_html/emrg/next nvis_intro.htm
2006.02.01 20:04 A J:\emrg\next\nvis_links.htm --> www.willowfalls.ca /.public_html/emrg/next nvis_links.htm
2006.02.01 20:04 A J:\emrg\next\nvis_testing.htm --> www.willowfalls.ca /.public_html/emrg/next nvis_testing.htm
2006.02.01 20:04 A J:\emrg\next\objectives.htm --> www.willowfalls.ca /.public_html/emrg/next objectives.htm
2006.02.01 20:04 A J:\emrg\next\orphans.htm --> www.willowfalls.ca /.public_html/emrg/next orphans.htm
2006.02.01 20:04 A J:\emrg\next\ottawacares.htm --> www.willowfalls.ca /.public_html/emrg/next ottawacares.htm
2006.02.01 20:04 A J:\emrg\next\packet.htm --> www.willowfalls.ca /.public_html/emrg/next packet.htm
2006.02.01 20:04 A J:\emrg\next\packet_fax.htm --> www.willowfalls.ca /.public_html/emrg/next packet_fax.htm
2006.02.01 20:04 A J:\emrg\next\packet_index.htm --> www.willowfalls.ca /.public_html/emrg/next packet_index.htm
2006.02.01 20:04 A J:\emrg\next\packet_links.htm --> www.willowfalls.ca /.public_html/emrg/next packet_links.htm
2006.02.01 20:04 A J:\emrg\next\packet_network.htm --> www.willowfalls.ca /.public_html/emrg/next packet_network.htm
2006.02.01 20:04 A J:\emrg\next\packet_radio.htm --> www.willowfalls.ca /.public_html/emrg/next packet_radio.htm
2006.02.01 20:04 A J:\emrg\next\packet_requirements.htm --> www.willowfalls.ca /.public_html/emrg/next packet_requirements.htm
2006.02.01 20:04 A J:\emrg\next\packet_vision.htm --> www.willowfalls.ca /.public_html/emrg/next packet_vision.htm
2006.02.01 20:04 A J:\emrg\next\papers.htm --> www.willowfalls.ca /.public_html/emrg/next papers.htm
2006.02.01 20:04 A J:\emrg\next\partners.htm --> www.willowfalls.ca /.public_html/emrg/next partners.htm
2006.02.01 20:04 A J:\emrg\next\photos.htm --> www.willowfalls.ca /.public_html/emrg/next photos.htm
2006.02.01 20:04 A J:\emrg\next\posters.htm --> www.willowfalls.ca /.public_html/emrg/next posters.htm
2006.02.01 20:04 A J:\emrg\next\power.htm --> www.willowfalls.ca /.public_html/emrg/next power.htm
2006.02.01 20:04 A J:\emrg\next\preparedness_you.htm --> www.willowfalls.ca /.public_html/emrg/next preparedness_you.htm
2006.02.01 20:04 A J:\emrg\next\projects.htm --> www.willowfalls.ca /.public_html/emrg/next projects.htm
2006.02.01 20:04 A J:\emrg\next\pwr_supply_gelcell_charger.htm --> www.willowfalls.ca /.public_html/emrg/next pwr_supply_gelcell_charger.htm
2006.02.01 20:04 A J:\emrg\next\radios.htm --> www.willowfalls.ca /.public_html/emrg/next radios.htm
2006.02.01 20:04 A J:\emrg\next\randal.htm --> www.willowfalls.ca /.public_html/emrg/next randal.htm
2006.02.01 20:04 A J:\emrg\next\repeaters.htm --> www.willowfalls.ca /.public_html/emrg/next repeaters.htm
2006.02.01 20:05 B J:\emrg\next\shelter_kit_lists.pdf --> www.willowfalls.ca /.public_html/emrg/next shelter_kit_lists.pdf
2006.02.01 20:05 B J:\emrg\next\Shuttle_Recovery_Ops.doc --> www.willowfalls.ca /.public_html/emrg/next Shuttle_Recovery_Ops.doc
2006.02.01 20:05 A J:\emrg\next\software.htm --> www.willowfalls.ca /.public_html/emrg/next software.htm
2006.02.01 20:05 A J:\emrg\next\standard_radio_drawings.htm --> www.willowfalls.ca /.public_html/emrg/next standard_radio_drawings.htm
2006.02.01 20:05 A J:\emrg\next\standard_radio_interface.htm --> www.willowfalls.ca /.public_html/emrg/next standard_radio_interface.htm
2006.02.01 20:05 A J:\emrg\next\standard_user_drawings.htm --> www.willowfalls.ca /.public_html/emrg/next standard_user_drawings.htm
2006.02.01 20:05 A J:\emrg\next\supplies.htm --> www.willowfalls.ca /.public_html/emrg/next supplies.htm
2006.02.01 20:05 A J:\emrg\next\template_with_menu.htm --> www.willowfalls.ca /.public_html/emrg/next template_with_menu.htm
2006.02.01 20:05 A J:\emrg\next\template_without_menu.htm --> www.willowfalls.ca /.public_html/emrg/next template_without_menu.htm
2006.02.01 20:05 A J:\emrg\next\view.htm --> www.willowfalls.ca /.public_html/emrg/next view.htm
2006.02.01 20:05 A J:\emrg\next\volunteerradiogroups.htm --> www.willowfalls.ca /.public_html/emrg/next volunteerradiogroups.htm
2006.02.01 20:05 A J:\emrg\next\volunteers.htm --> www.willowfalls.ca /.public_html/emrg/next volunteers.htm
2006.02.01 20:05 A J:\emrg\next\website_redesign.htm --> www.willowfalls.ca /.public_html/emrg/next website_redesign.htm
2006.02.01 20:05 B J:\emrg\next\website_redesign.ppt --> www.willowfalls.ca /.public_html/emrg/next website_redesign.ppt
2006.02.01 20:05 A J:\emrg\next\whoweserve.htm --> www.willowfalls.ca /.public_html/emrg/next whoweserve.htm
2006.02.01 20:17 A J:\emrg\next\index.htm --> www.willowfalls.ca /.public_html/emrg/next index.htm
2006.02.01 20:41 A J:\emrg\next\allabout.htm --> www.willowfalls.ca /.public_html/emrg/next allabout.htm
2006.02.01 20:41 A J:\emrg\next\maps.htm --> www.willowfalls.ca /.public_html/emrg/next maps.htm
2006.02.01 20:41 A J:\emrg\next\ares.htm --> www.willowfalls.ca /.public_html/emrg/next ares.htm
2006.02.01 20:41 A J:\emrg\next\partners.htm --> www.willowfalls.ca /.public_html/emrg/next partners.htm
2006.02.01 20:41 A J:\emrg\next\whoweserve.htm --> www.willowfalls.ca /.public_html/emrg/next whoweserve.htm
2006.02.01 20:41 A J:\emrg\next\nl200201.htm --> www.willowfalls.ca /.public_html/emrg/next nl200201.htm
2006.02.01 20:41 A J:\emrg\next\nl200301.htm --> www.willowfalls.ca /.public_html/emrg/next nl200301.htm
2006.02.01 20:41 A J:\emrg\next\antennas.htm --> www.willowfalls.ca /.public_html/emrg/next antennas.htm
2006.02.01 20:41 A J:\emrg\next\acronyms.htm --> www.willowfalls.ca /.public_html/emrg/next acronyms.htm
2006.02.01 20:41 A J:\emrg\next\dc_wiring.htm --> www.willowfalls.ca /.public_html/emrg/next dc_wiring.htm
2006.02.01 20:41 A J:\emrg\next\crossband.htm --> www.willowfalls.ca /.public_html/emrg/next crossband.htm
2006.02.01 20:41 A J:\emrg\next\communicatingthroughglass.htm --> www.willowfalls.ca /.public_html/emrg/next communicatingthroughglass.htm
2006.02.01 20:41 A J:\emrg\next\links.htm --> www.willowfalls.ca /.public_html/emrg/next links.htm
2006.02.01 20:41 A J:\emrg\next\frs.htm --> www.willowfalls.ca /.public_html/emrg/next frs.htm
2006.02.01 20:41 A J:\emrg\next\examples.htm --> www.willowfalls.ca /.public_html/emrg/next examples.htm
2006.02.01 20:41 A J:\emrg\next\nvis_intro.htm --> www.willowfalls.ca /.public_html/emrg/next nvis_intro.htm
2006.02.01 20:41 A J:\emrg\next\nvis_index.htm --> www.willowfalls.ca /.public_html/emrg/next nvis_index.htm
2006.02.01 20:41 A J:\emrg\next\nvis_antennas.htm --> www.willowfalls.ca /.public_html/emrg/next nvis_antennas.htm
2006.02.01 20:41 A J:\emrg\next\packet_fax.htm --> www.willowfalls.ca /.public_html/emrg/next packet_fax.htm
2006.02.01 20:41 A J:\emrg\next\objectives.htm --> www.willowfalls.ca /.public_html/emrg/next objectives.htm
2006.02.01 20:41 A J:\emrg\next\nvis_links.htm --> www.willowfalls.ca /.public_html/emrg/next nvis_links.htm
2006.02.01 20:41 A J:\emrg\next\packet_links.htm --> www.willowfalls.ca /.public_html/emrg/next packet_links.htm
2006.02.01 20:41 A J:\emrg\next\packet_index.htm --> www.willowfalls.ca /.public_html/emrg/next packet_index.htm
2006.02.01 20:41 A J:\emrg\next\power.htm --> www.willowfalls.ca /.public_html/emrg/next power.htm
2006.02.01 20:42 A J:\emrg\next\view.htm --> www.willowfalls.ca /.public_html/emrg/next view.htm
2006.02.01 20:42 A J:\emrg\next\software.htm --> www.willowfalls.ca /.public_html/emrg/next software.htm
2006.02.01 20:42 A J:\emrg\next\volunteerradiogroups.htm --> www.willowfalls.ca /.public_html/emrg/next volunteerradiogroups.htm
2006.02.01 20:42 A J:\emrg\next\volunteers.htm --> www.willowfalls.ca /.public_html/emrg/next volunteers.htm
2006.02.01 20:42 A J:\emrg\next\library.htm --> www.willowfalls.ca /.public_html/emrg/next library.htm
2006.02.01 20:42 A J:\emrg\next\battery_care.htm --> www.willowfalls.ca /.public_html/emrg/next battery_care.htm
2006.02.01 20:42 B J:\emrg\next\WS_FTP.LOG --> www.willowfalls.ca /.public_html/emrg/next WS_FTP.LOG
2006.02.01 20:42 A J:\emrg\next\index.htm --> www.willowfalls.ca /.public_html/emrg/next index.htm
2006.02.01 20:56 A J:\emrg\next\nl_index.htm --> www.willowfalls.ca /.public_html/emrg/next nl_index.htm
2006.02.01 20:56 A J:\emrg\next\EMRG-000_official_documents_index.htm --> www.willowfalls.ca /.public_html/emrg/next EMRG-000_official_documents_index.htm
2006.02.01 20:56 A J:\emrg\next\list_server_messages.htm --> www.willowfalls.ca /.public_html/emrg/next list_server_messages.htm
2006.02.01 20:56 A J:\emrg\next\standard_radio_interface.htm --> www.willowfalls.ca /.public_html/emrg/next standard_radio_interface.htm
2006.02.01 20:56 A J:\emrg\next\projects.htm --> www.willowfalls.ca /.public_html/emrg/next projects.htm
2006.02.01 20:56 A J:\emrg\next\amateurmyths.htm --> www.willowfalls.ca /.public_html/emrg/next amateurmyths.htm
2006.02.01 20:56 A J:\emrg\next\2002accomplishments.htm --> www.willowfalls.ca /.public_html/emrg/next 2002accomplishments.htm
2006.02.01 20:56 A J:\emrg\next\audio_distribution.htm --> www.willowfalls.ca /.public_html/emrg/next audio_distribution.htm
2006.02.01 20:56 A J:\emrg\next\antenna_mounts.htm --> www.willowfalls.ca /.public_html/emrg/next antenna_mounts.htm
2006.02.01 20:56 A J:\emrg\next\anderson_powerpole.htm --> www.willowfalls.ca /.public_html/emrg/next anderson_powerpole.htm
2006.02.01 20:56 A J:\emrg\next\crates.htm --> www.willowfalls.ca /.public_html/emrg/next crates.htm
2006.02.01 20:56 A J:\emrg\next\contactus.htm --> www.willowfalls.ca /.public_html/emrg/next contactus.htm
2006.02.01 20:56 A J:\emrg\next\EMRG-09R_Equipment_Kits.htm --> www.willowfalls.ca /.public_html/emrg/next EMRG-09R_Equipment_Kits.htm
2006.02.01 20:56 A J:\emrg\next\fuses.htm --> www.willowfalls.ca /.public_html/emrg/next fuses.htm
2006.02.01 20:56 A J:\emrg\next\fivequestions.htm --> www.willowfalls.ca /.public_html/emrg/next fivequestions.htm
2006.02.01 20:56 A J:\emrg\next\irtxrx.htm --> www.willowfalls.ca /.public_html/emrg/next irtxrx.htm
2006.02.01 20:56 A J:\emrg\next\meetings.htm --> www.willowfalls.ca /.public_html/emrg/next meetings.htm
2006.02.01 20:56 A J:\emrg\next\list_server_unsubscribe.htm --> www.willowfalls.ca /.public_html/emrg/next list_server_unsubscribe.htm
2006.02.01 20:56 A J:\emrg\next\list_server_subscribe.htm --> www.willowfalls.ca /.public_html/emrg/next list_server_subscribe.htm
2006.02.01 20:56 A J:\emrg\next\list_server_send.htm --> www.willowfalls.ca /.public_html/emrg/next list_server_send.htm
2006.02.01 20:56 A J:\emrg\next\nvis_emrg.htm --> www.willowfalls.ca /.public_html/emrg/next nvis_emrg.htm
2006.02.01 20:56 A J:\emrg\next\packet_network.htm --> www.willowfalls.ca /.public_html/emrg/next packet_network.htm
2006.02.01 20:56 A J:\emrg\next\packet_requirements.htm --> www.willowfalls.ca /.public_html/emrg/next packet_requirements.htm
2006.02.01 20:56 A J:\emrg\next\packet_radio.htm --> www.willowfalls.ca /.public_html/emrg/next packet_radio.htm
2006.02.01 20:56 A J:\emrg\next\packet_vision.htm --> www.willowfalls.ca /.public_html/emrg/next packet_vision.htm
2006.02.01 20:56 A J:\emrg\next\repeaters.htm --> www.willowfalls.ca /.public_html/emrg/next repeaters.htm
2006.02.01 20:56 A J:\emrg\next\randal.htm --> www.willowfalls.ca /.public_html/emrg/next randal.htm
2006.02.01 20:56 A J:\emrg\next\standard_user_drawings.htm --> www.willowfalls.ca /.public_html/emrg/next standard_user_drawings.htm
2006.02.01 20:56 A J:\emrg\next\supplies.htm --> www.willowfalls.ca /.public_html/emrg/next supplies.htm
2006.02.01 20:56 A J:\emrg\next\website_redesign.htm --> www.willowfalls.ca /.public_html/emrg/next website_redesign.htm
2006.02.01 20:56 A J:\emrg\next\audio_distribution_project_01.htm --> www.willowfalls.ca /.public_html/emrg/next audio_distribution_project_01.htm
2006.02.01 20:56 A J:\emrg\next\photos.htm --> www.willowfalls.ca /.public_html/emrg/next photos.htm
2006.02.01 20:56 A J:\emrg\next\audio_distribution_project_02.htm --> www.willowfalls.ca /.public_html/emrg/next audio_distribution_project_02.htm
2006.02.01 20:56 A J:\emrg\next\epd_2002_05_06.htm --> www.willowfalls.ca /.public_html/emrg/next epd_2002_05_06.htm
2006.02.01 20:56 A J:\emrg\next\list_server.htm --> www.willowfalls.ca /.public_html/emrg/next list_server.htm
2006.02.01 20:56 A J:\emrg\next\radios.htm --> www.willowfalls.ca /.public_html/emrg/next radios.htm
2006.02.01 20:56 A J:\emrg\next\papers.htm --> www.willowfalls.ca /.public_html/emrg/next papers.htm
2006.02.01 20:56 A J:\emrg\next\cable.htm --> www.willowfalls.ca /.public_html/emrg/next cable.htm
2006.02.01 20:56 A J:\emrg\next\antenna_party.htm --> www.willowfalls.ca /.public_html/emrg/next antenna_party.htm
2006.02.01 20:56 A J:\emrg\next\EMRG_introduction.htm --> www.willowfalls.ca /.public_html/emrg/next EMRG_introduction.htm
2006.02.01 20:56 A J:\emrg\next\EMRG-006_Training_Plan.htm --> www.willowfalls.ca /.public_html/emrg/next EMRG-006_Training_Plan.htm
2006.02.01 20:56 A J:\emrg\next\community_interfaces.htm --> www.willowfalls.ca /.public_html/emrg/next community_interfaces.htm
2006.02.01 20:56 A J:\emrg\next\insurance.htm --> www.willowfalls.ca /.public_html/emrg/next insurance.htm
2006.02.01 20:56 A J:\emrg\next\nvis_testing.htm --> www.willowfalls.ca /.public_html/emrg/next nvis_testing.htm
2006.02.01 20:56 A J:\emrg\next\posters.htm --> www.willowfalls.ca /.public_html/emrg/next posters.htm
2006.02.01 20:56 A J:\emrg\next\packet.htm --> www.willowfalls.ca /.public_html/emrg/next packet.htm
2006.02.01 20:56 A J:\emrg\next\ottawacares.htm --> www.willowfalls.ca /.public_html/emrg/next ottawacares.htm
2006.02.01 20:57 A J:\emrg\next\orphans.htm --> www.willowfalls.ca /.public_html/emrg/next orphans.htm
2006.02.01 20:57 A J:\emrg\next\pwr_supply_gelcell_charger.htm --> www.willowfalls.ca /.public_html/emrg/next pwr_supply_gelcell_charger.htm
2006.02.01 20:57 A J:\emrg\next\preparedness_you.htm --> www.willowfalls.ca /.public_html/emrg/next preparedness_you.htm
2006.02.01 20:57 A J:\emrg\next\template_without_menu.htm --> www.willowfalls.ca /.public_html/emrg/next template_without_menu.htm
2006.02.01 20:57 A J:\emrg\next\template_with_menu.htm --> www.willowfalls.ca /.public_html/emrg/next template_with_menu.htm
2006.02.01 20:57 A J:\emrg\next\standard_radio_drawings.htm --> www.willowfalls.ca /.public_html/emrg/next standard_radio_drawings.htm
2006.02.02 17:24 A J:\emrg\next\community_interfaces.htm --> www.willowfalls.ca /.public_html/emrg/next community_interfaces.htm
2006.02.02 17:24 A J:\emrg\next\partners.htm --> www.willowfalls.ca /.public_html/emrg/next partners.htm
2006.02.02 17:24 A J:\emrg\next\index.htm --> www.willowfalls.ca /.public_html/emrg/next index.htm
2006.02.02 17:24 A J:\emrg\next\library.htm --> www.willowfalls.ca /.public_html/emrg/next library.htm
2006.02.02 17:24 A J:\emrg\next\javascript_test.htm --> www.willowfalls.ca /.public_html/emrg/next javascript_test.htm
2006.02.02 17:24 B J:\emrg\next\WS_FTP.LOG --> www.willowfalls.ca /.public_html/emrg/next WS_FTP.LOG
2006.02.02 17:24 A J:\emrg\next\allabout.htm --> www.willowfalls.ca /.public_html/emrg/next allabout.htm
2006.02.02 17:24 A J:\emrg\next\maps.htm --> www.willowfalls.ca /.public_html/emrg/next maps.htm
2006.02.02 17:24 A J:\emrg\next\ares.htm --> www.willowfalls.ca /.public_html/emrg/next ares.htm
2006.02.02 17:24 A J:\emrg\next\whoweserve.htm --> www.willowfalls.ca /.public_html/emrg/next whoweserve.htm
2006.02.02 17:24 A J:\emrg\next\nl200201.htm --> www.willowfalls.ca /.public_html/emrg/next nl200201.htm
2006.02.02 17:25 A J:\emrg\next\nl200301.htm --> www.willowfalls.ca /.public_html/emrg/next nl200301.htm
2006.02.02 17:25 A J:\emrg\next\antennas.htm --> www.willowfalls.ca /.public_html/emrg/next antennas.htm
2006.02.02 17:25 A J:\emrg\next\acronyms.htm --> www.willowfalls.ca /.public_html/emrg/next acronyms.htm
2006.02.02 17:25 A J:\emrg\next\dc_wiring.htm --> www.willowfalls.ca /.public_html/emrg/next dc_wiring.htm
2006.02.02 17:25 A J:\emrg\next\crossband.htm --> www.willowfalls.ca /.public_html/emrg/next crossband.htm
2006.02.02 17:25 A J:\emrg\next\communicatingthroughglass.htm --> www.willowfalls.ca /.public_html/emrg/next communicatingthroughglass.htm
2006.02.02 17:25 A J:\emrg\next\links.htm --> www.willowfalls.ca /.public_html/emrg/next links.htm
2006.02.02 17:25 A J:\emrg\next\frs.htm --> www.willowfalls.ca /.public_html/emrg/next frs.htm
2006.02.02 17:25 A J:\emrg\next\examples.htm --> www.willowfalls.ca /.public_html/emrg/next examples.htm
2006.02.02 17:25 A J:\emrg\next\nvis_intro.htm --> www.willowfalls.ca /.public_html/emrg/next nvis_intro.htm
2006.02.02 17:25 A J:\emrg\next\nvis_index.htm --> www.willowfalls.ca /.public_html/emrg/next nvis_index.htm
2006.02.02 17:25 A J:\emrg\next\nvis_antennas.htm --> www.willowfalls.ca /.public_html/emrg/next nvis_antennas.htm
2006.02.02 17:25 A J:\emrg\next\packet_fax.htm --> www.willowfalls.ca /.public_html/emrg/next packet_fax.htm
2006.02.02 17:25 A J:\emrg\next\objectives.htm --> www.willowfalls.ca /.public_html/emrg/next objectives.htm
2006.02.02 17:25 A J:\emrg\next\nvis_links.htm --> www.willowfalls.ca /.public_html/emrg/next nvis_links.htm
2006.02.02 17:25 A J:\emrg\next\packet_links.htm --> www.willowfalls.ca /.public_html/emrg/next packet_links.htm
2006.02.02 17:25 A J:\emrg\next\packet_index.htm --> www.willowfalls.ca /.public_html/emrg/next packet_index.htm
2006.02.02 17:25 A J:\emrg\next\power.htm --> www.willowfalls.ca /.public_html/emrg/next power.htm
2006.02.02 17:25 A J:\emrg\next\view.htm --> www.willowfalls.ca /.public_html/emrg/next view.htm
2006.02.02 17:25 A J:\emrg\next\software.htm --> www.willowfalls.ca /.public_html/emrg/next software.htm
2006.02.02 17:25 A J:\emrg\next\volunteerradiogroups.htm --> www.willowfalls.ca /.public_html/emrg/next volunteerradiogroups.htm
2006.02.02 17:25 A J:\emrg\next\volunteers.htm --> www.willowfalls.ca /.public_html/emrg/next volunteers.htm
2006.02.02 17:25 A J:\emrg\next\battery_care.htm --> www.willowfalls.ca /.public_html/emrg/next battery_care.htm
2006.02.02 17:25 A J:\emrg\next\nl_index.htm --> www.willowfalls.ca /.public_html/emrg/next nl_index.htm
2006.02.02 17:25 A J:\emrg\next\EMRG-000_official_documents_index.htm --> www.willowfalls.ca /.public_html/emrg/next EMRG-000_official_documents_index.htm
2006.02.02 17:25 A J:\emrg\next\list_server_messages.htm --> www.willowfalls.ca /.public_html/emrg/next list_server_messages.htm
2006.02.02 17:25 A J:\emrg\next\standard_radio_interface.htm --> www.willowfalls.ca /.public_html/emrg/next standard_radio_interface.htm
2006.02.02 17:25 A J:\emrg\next\projects.htm --> www.willowfalls.ca /.public_html/emrg/next projects.htm
2006.02.02 17:25 A J:\emrg\next\amateurmyths.htm --> www.willowfalls.ca /.public_html/emrg/next amateurmyths.htm
2006.02.02 17:25 A J:\emrg\next\2002accomplishments.htm --> www.willowfalls.ca /.public_html/emrg/next 2002accomplishments.htm
2006.02.02 17:25 A J:\emrg\next\audio_distribution.htm --> www.willowfalls.ca /.public_html/emrg/next audio_distribution.htm
2006.02.02 17:25 A J:\emrg\next\antenna_mounts.htm --> www.willowfalls.ca /.public_html/emrg/next antenna_mounts.htm
2006.02.02 17:25 A J:\emrg\next\anderson_powerpole.htm --> www.willowfalls.ca /.public_html/emrg/next anderson_powerpole.htm
2006.02.02 17:25 A J:\emrg\next\crates.htm --> www.willowfalls.ca /.public_html/emrg/next crates.htm
2006.02.02 17:25 A J:\emrg\next\contactus.htm --> www.willowfalls.ca /.public_html/emrg/next contactus.htm
2006.02.02 17:25 A J:\emrg\next\EMRG-09R_Equipment_Kits.htm --> www.willowfalls.ca /.public_html/emrg/next EMRG-09R_Equipment_Kits.htm
2006.02.02 17:25 A J:\emrg\next\fuses.htm --> www.willowfalls.ca /.public_html/emrg/next fuses.htm
2006.02.02 17:25 A J:\emrg\next\fivequestions.htm --> www.willowfalls.ca /.public_html/emrg/next fivequestions.htm
2006.02.02 17:25 A J:\emrg\next\irtxrx.htm --> www.willowfalls.ca /.public_html/emrg/next irtxrx.htm
2006.02.02 17:25 A J:\emrg\next\meetings.htm --> www.willowfalls.ca /.public_html/emrg/next meetings.htm
2006.02.02 17:25 A J:\emrg\next\list_server_unsubscribe.htm --> www.willowfalls.ca /.public_html/emrg/next list_server_unsubscribe.htm
2006.02.02 17:25 A J:\emrg\next\list_server_subscribe.htm --> www.willowfalls.ca /.public_html/emrg/next list_server_subscribe.htm
2006.02.02 17:25 A J:\emrg\next\list_server_send.htm --> www.willowfalls.ca /.public_html/emrg/next list_server_send.htm
2006.02.02 17:25 A J:\emrg\next\nvis_emrg.htm --> www.willowfalls.ca /.public_html/emrg/next nvis_emrg.htm
2006.02.02 17:25 A J:\emrg\next\packet_network.htm --> www.willowfalls.ca /.public_html/emrg/next packet_network.htm
2006.02.02 17:26 A J:\emrg\next\packet_requirements.htm --> www.willowfalls.ca /.public_html/emrg/next packet_requirements.htm
2006.02.02 17:26 A J:\emrg\next\packet_radio.htm --> www.willowfalls.ca /.public_html/emrg/next packet_radio.htm
2006.02.02 17:26 A J:\emrg\next\packet_vision.htm --> www.willowfalls.ca /.public_html/emrg/next packet_vision.htm
2006.02.02 17:26 A J:\emrg\next\repeaters.htm --> www.willowfalls.ca /.public_html/emrg/next repeaters.htm
2006.02.02 17:26 A J:\emrg\next\randal.htm --> www.willowfalls.ca /.public_html/emrg/next randal.htm
2006.02.02 17:26 A J:\emrg\next\standard_user_drawings.htm --> www.willowfalls.ca /.public_html/emrg/next standard_user_drawings.htm
2006.02.02 17:26 A J:\emrg\next\supplies.htm --> www.willowfalls.ca /.public_html/emrg/next supplies.htm
2006.02.02 17:26 A J:\emrg\next\website_redesign.htm --> www.willowfalls.ca /.public_html/emrg/next website_redesign.htm
2006.02.02 17:26 A J:\emrg\next\audio_distribution_project_01.htm --> www.willowfalls.ca /.public_html/emrg/next audio_distribution_project_01.htm
2006.02.02 17:26 A J:\emrg\next\photos.htm --> www.willowfalls.ca /.public_html/emrg/next photos.htm
2006.02.02 17:26 A J:\emrg\next\audio_distribution_project_02.htm --> www.willowfalls.ca /.public_html/emrg/next audio_distribution_project_02.htm
2006.02.02 17:26 A J:\emrg\next\epd_2002_05_06.htm --> www.willowfalls.ca /.public_html/emrg/next epd_2002_05_06.htm
2006.02.02 17:26 A J:\emrg\next\list_server.htm --> www.willowfalls.ca /.public_html/emrg/next list_server.htm
2006.02.02 17:26 A J:\emrg\next\radios.htm --> www.willowfalls.ca /.public_html/emrg/next radios.htm
2006.02.02 17:26 A J:\emrg\next\papers.htm --> www.willowfalls.ca /.public_html/emrg/next papers.htm
2006.02.02 17:26 A J:\emrg\next\cable.htm --> www.willowfalls.ca /.public_html/emrg/next cable.htm
2006.02.02 17:26 A J:\emrg\next\antenna_party.htm --> www.willowfalls.ca /.public_html/emrg/next antenna_party.htm
2006.02.02 17:26 A J:\emrg\next\EMRG_introduction.htm --> www.willowfalls.ca /.public_html/emrg/next EMRG_introduction.htm
2006.02.02 17:26 A J:\emrg\next\EMRG-006_Training_Plan.htm --> www.willowfalls.ca /.public_html/emrg/next EMRG-006_Training_Plan.htm
2006.02.02 17:26 A J:\emrg\next\insurance.htm --> www.willowfalls.ca /.public_html/emrg/next insurance.htm
2006.02.02 17:26 A J:\emrg\next\nvis_testing.htm --> www.willowfalls.ca /.public_html/emrg/next nvis_testing.htm
2006.02.02 17:26 A J:\emrg\next\posters.htm --> www.willowfalls.ca /.public_html/emrg/next posters.htm
2006.02.02 17:26 A J:\emrg\next\packet.htm --> www.willowfalls.ca /.public_html/emrg/next packet.htm
2006.02.02 17:26 A J:\emrg\next\ottawacares.htm --> www.willowfalls.ca /.public_html/emrg/next ottawacares.htm
2006.02.02 17:26 A J:\emrg\next\orphans.htm --> www.willowfalls.ca /.public_html/emrg/next orphans.htm
2006.02.02 17:26 A J:\emrg\next\pwr_supply_gelcell_charger.htm --> www.willowfalls.ca /.public_html/emrg/next pwr_supply_gelcell_charger.htm
2006.02.02 17:26 A J:\emrg\next\preparedness_you.htm --> www.willowfalls.ca /.public_html/emrg/next preparedness_you.htm
2006.02.02 17:26 A J:\emrg\next\template_without_menu.htm --> www.willowfalls.ca /.public_html/emrg/next template_without_menu.htm
2006.02.02 17:26 A J:\emrg\next\template_with_menu.htm --> www.willowfalls.ca /.public_html/emrg/next template_with_menu.htm
2006.02.02 17:26 A J:\emrg\next\standard_radio_drawings.htm --> www.willowfalls.ca /.public_html/emrg/next standard_radio_drawings.htm
