2005.12.13 16:42 B C:\emrg_website\.public_html\emrg\documents\document_files\document.css <-- emrg /.public_html/emrg/documents/document_files document.css
2005.12.13 16:42 B C:\emrg_website\.public_html\emrg\documents\document_files\document_data.xml <-- emrg /.public_html/emrg/documents/document_files document_data.xml
2005.12.13 16:42 B C:\emrg_website\.public_html\emrg\documents\document_files\document_frames.htm <-- emrg /.public_html/emrg/documents/document_files document_frames.htm
2005.12.13 16:42 B C:\emrg_website\.public_html\emrg\documents\document_files\document_gif_1.gif <-- emrg /.public_html/emrg/documents/document_files document_gif_1.gif
2005.12.13 16:42 B C:\emrg_website\.public_html\emrg\documents\document_files\document_gif_1.htm <-- emrg /.public_html/emrg/documents/document_files document_gif_1.htm
2005.12.13 16:42 B C:\emrg_website\.public_html\emrg\documents\document_files\document_nav2.htm <-- emrg /.public_html/emrg/documents/document_files document_nav2.htm
2005.12.13 16:42 B C:\emrg_website\.public_html\emrg\documents\document_files\document_utils.js <-- emrg /.public_html/emrg/documents/document_files document_utils.js
2005.12.13 16:42 B C:\emrg_website\.public_html\emrg\documents\document_files\document_zoom.htm <-- emrg /.public_html/emrg/documents/document_files document_zoom.htm
2005.12.13 16:42 B C:\emrg_website\.public_html\emrg\documents\document_files\documentl.css <-- emrg /.public_html/emrg/documents/document_files documentl.css
2005.12.13 16:42 B C:\emrg_website\.public_html\emrg\documents\document_files\documentl_data.xml <-- emrg /.public_html/emrg/documents/document_files documentl_data.xml
2005.12.13 16:42 B C:\emrg_website\.public_html\emrg\documents\document_files\documentl_frames.htm <-- emrg /.public_html/emrg/documents/document_files documentl_frames.htm
2005.12.13 16:42 B C:\emrg_website\.public_html\emrg\documents\document_files\documentl_gif_1.gif <-- emrg /.public_html/emrg/documents/document_files documentl_gif_1.gif
2005.12.13 16:42 B C:\emrg_website\.public_html\emrg\documents\document_files\documentl_gif_1.htm <-- emrg /.public_html/emrg/documents/document_files documentl_gif_1.htm
2005.12.13 16:42 B C:\emrg_website\.public_html\emrg\documents\document_files\documentl_nav2.htm <-- emrg /.public_html/emrg/documents/document_files documentl_nav2.htm
2005.12.13 16:42 B C:\emrg_website\.public_html\emrg\documents\document_files\documentl_utils.js <-- emrg /.public_html/emrg/documents/document_files documentl_utils.js
2005.12.13 16:42 B C:\emrg_website\.public_html\emrg\documents\document_files\documentl_zoom.htm <-- emrg /.public_html/emrg/documents/document_files documentl_zoom.htm
2005.12.13 16:42 B C:\emrg_website\.public_html\emrg\documents\document_files\Filelist.xml <-- emrg /.public_html/emrg/documents/document_files Filelist.xml
2005.12.13 16:42 B C:\emrg_website\.public_html\emrg\documents\document_files\lt_off.gif <-- emrg /.public_html/emrg/documents/document_files lt_off.gif
2005.12.13 16:42 B C:\emrg_website\.public_html\emrg\documents\document_files\lt_over.gif <-- emrg /.public_html/emrg/documents/document_files lt_over.gif
2005.12.13 16:42 B C:\emrg_website\.public_html\emrg\documents\document_files\rt_off.gif <-- emrg /.public_html/emrg/documents/document_files rt_off.gif
2005.12.13 16:42 B C:\emrg_website\.public_html\emrg\documents\document_files\rt_over.gif <-- emrg /.public_html/emrg/documents/document_files rt_over.gif
