104.12.03 05:10 B M:\INTERNET\www.emrg.ca\technical\standard_interface\standard_files\Filelist.xml --> www.willowfalls.ca /.public_html/emrg/technical/standard_interface/standard_files Filelist.xml
104.12.03 05:10 B M:\INTERNET\www.emrg.ca\technical\standard_interface\standard_files\lt_off.gif --> www.willowfalls.ca /.public_html/emrg/technical/standard_interface/standard_files lt_off.gif
104.12.03 05:10 B M:\INTERNET\www.emrg.ca\technical\standard_interface\standard_files\lt_over.gif --> www.willowfalls.ca /.public_html/emrg/technical/standard_interface/standard_files lt_over.gif
104.12.03 05:10 B M:\INTERNET\www.emrg.ca\technical\standard_interface\standard_files\rt_off.gif --> www.willowfalls.ca /.public_html/emrg/technical/standard_interface/standard_files rt_off.gif
104.12.03 05:10 B M:\INTERNET\www.emrg.ca\technical\standard_interface\standard_files\rt_over.gif --> www.willowfalls.ca /.public_html/emrg/technical/standard_interface/standard_files rt_over.gif
104.12.03 05:10 B M:\INTERNET\www.emrg.ca\technical\standard_interface\standard_files\standard.css --> www.willowfalls.ca /.public_html/emrg/technical/standard_interface/standard_files standard.css
104.12.03 05:10 B M:\INTERNET\www.emrg.ca\technical\standard_interface\standard_files\standard_data.xml --> www.willowfalls.ca /.public_html/emrg/technical/standard_interface/standard_files standard_data.xml
104.12.03 05:10 B M:\INTERNET\www.emrg.ca\technical\standard_interface\standard_files\standard_frames.htm --> www.willowfalls.ca /.public_html/emrg/technical/standard_interface/standard_files standard_frames.htm
104.12.03 05:10 B M:\INTERNET\www.emrg.ca\technical\standard_interface\standard_files\standard_gif_1.gif --> www.willowfalls.ca /.public_html/emrg/technical/standard_interface/standard_files standard_gif_1.gif
104.12.03 05:10 B M:\INTERNET\www.emrg.ca\technical\standard_interface\standard_files\standard_gif_1.htm --> www.willowfalls.ca /.public_html/emrg/technical/standard_interface/standard_files standard_gif_1.htm
104.12.03 05:10 B M:\INTERNET\www.emrg.ca\technical\standard_interface\standard_files\standard_nav2.htm --> www.willowfalls.ca /.public_html/emrg/technical/standard_interface/standard_files standard_nav2.htm
104.12.03 05:10 B M:\INTERNET\www.emrg.ca\technical\standard_interface\standard_files\standard_utils.js --> www.willowfalls.ca /.public_html/emrg/technical/standard_interface/standard_files standard_utils.js
104.12.03 05:10 B M:\INTERNET\www.emrg.ca\technical\standard_interface\standard_files\standard_zoom.htm --> www.willowfalls.ca /.public_html/emrg/technical/standard_interface/standard_files standard_zoom.htm
105.01.01 07:35 B M:\INTERNET\www.emrg.ca\technical\standards\standard_files\Filelist.xml --> www.willowfalls.ca /.public_html/emrg/technical/standards/standard_files Filelist.xml
105.01.01 07:35 B M:\INTERNET\www.emrg.ca\technical\standards\standard_files\lt_off.gif --> www.willowfalls.ca /.public_html/emrg/technical/standards/standard_files lt_off.gif
105.01.01 07:35 B M:\INTERNET\www.emrg.ca\technical\standards\standard_files\lt_over.gif --> www.willowfalls.ca /.public_html/emrg/technical/standards/standard_files lt_over.gif
105.01.01 07:35 B M:\INTERNET\www.emrg.ca\technical\standards\standard_files\rt_off.gif --> www.willowfalls.ca /.public_html/emrg/technical/standards/standard_files rt_off.gif
105.01.01 07:35 B M:\INTERNET\www.emrg.ca\technical\standards\standard_files\rt_over.gif --> www.willowfalls.ca /.public_html/emrg/technical/standards/standard_files rt_over.gif
105.01.01 07:35 B M:\INTERNET\www.emrg.ca\technical\standards\standard_files\standard.css --> www.willowfalls.ca /.public_html/emrg/technical/standards/standard_files standard.css
105.01.01 07:35 B M:\INTERNET\www.emrg.ca\technical\standards\standard_files\standard_data.xml --> www.willowfalls.ca /.public_html/emrg/technical/standards/standard_files standard_data.xml
105.01.01 07:35 B M:\INTERNET\www.emrg.ca\technical\standards\standard_files\standard_frames.htm --> www.willowfalls.ca /.public_html/emrg/technical/standards/standard_files standard_frames.htm
105.01.01 07:35 B M:\INTERNET\www.emrg.ca\technical\standards\standard_files\standard_gif_1.gif --> www.willowfalls.ca /.public_html/emrg/technical/standards/standard_files standard_gif_1.gif
105.01.01 07:35 B M:\INTERNET\www.emrg.ca\technical\standards\standard_files\standard_gif_1.htm --> www.willowfalls.ca /.public_html/emrg/technical/standards/standard_files standard_gif_1.htm
105.01.01 07:35 B M:\INTERNET\www.emrg.ca\technical\standards\standard_files\standard_nav2.htm --> www.willowfalls.ca /.public_html/emrg/technical/standards/standard_files standard_nav2.htm
105.01.01 07:35 B M:\INTERNET\www.emrg.ca\technical\standards\standard_files\standard_utils.js --> www.willowfalls.ca /.public_html/emrg/technical/standards/standard_files standard_utils.js
105.01.01 07:35 B M:\INTERNET\www.emrg.ca\technical\standards\standard_files\standard_zoom.htm --> www.willowfalls.ca /.public_html/emrg/technical/standards/standard_files standard_zoom.htm
2005.12.13 17:48 B C:\emrg_website\.public_html\emrg\technical\standards\standard_files\WS_FTP.LOG <-- emrg /.public_html/emrg/technical/standards/standard_files WS_FTP.LOG
