2006.02.01 19:12 B J:\emrg\next\photos_files\2006_01_28_IMG_1198.JPG --> www.willowfalls.ca /.public_html/emrg/next/photos_files 2006_01_28_IMG_1198.JPG
2006.02.01 19:13 B J:\emrg\next\photos_files\2006_01_28_IMG_1199.JPG --> www.willowfalls.ca /.public_html/emrg/next/photos_files 2006_01_28_IMG_1199.JPG
2006.02.01 19:14 B J:\emrg\next\photos_files\2006_01_28_IMG_1200.JPG --> www.willowfalls.ca /.public_html/emrg/next/photos_files 2006_01_28_IMG_1200.JPG
2006.02.01 19:15 B J:\emrg\next\photos_files\2006_01_28_IMG_1201.JPG --> www.willowfalls.ca /.public_html/emrg/next/photos_files 2006_01_28_IMG_1201.JPG
2006.02.01 19:16 B J:\emrg\next\photos_files\2006_01_28_IMG_1202.JPG --> www.willowfalls.ca /.public_html/emrg/next/photos_files 2006_01_28_IMG_1202.JPG
2006.02.01 19:16 B J:\emrg\next\photos_files\AndersonPowerPoleConnector.jpg --> www.willowfalls.ca /.public_html/emrg/next/photos_files AndersonPowerPoleConnector.jpg
2006.02.01 19:16 B J:\emrg\next\photos_files\antenna_jpole.gif --> www.willowfalls.ca /.public_html/emrg/next/photos_files antenna_jpole.gif
2006.02.01 19:17 B J:\emrg\next\photos_files\cavities.jpg --> www.willowfalls.ca /.public_html/emrg/next/photos_files cavities.jpg
2006.02.01 19:17 B J:\emrg\next\photos_files\coupling_loop.jpg --> www.willowfalls.ca /.public_html/emrg/next/photos_files coupling_loop.jpg
2006.02.01 19:17 A J:\emrg\next\photos_files\example_photo_page.htm --> www.willowfalls.ca /.public_html/emrg/next/photos_files example_photo_page.htm
2006.02.01 19:17 B J:\emrg\next\photos_files\imageCHC.JPG --> www.willowfalls.ca /.public_html/emrg/next/photos_files imageCHC.JPG
2006.02.01 19:17 B J:\emrg\next\photos_files\imageMNO.JPG --> www.willowfalls.ca /.public_html/emrg/next/photos_files imageMNO.JPG
2006.02.01 19:17 B J:\emrg\next\photos_files\imageSOO.JPG --> www.willowfalls.ca /.public_html/emrg/next/photos_files imageSOO.JPG
2006.02.01 19:17 B J:\emrg\next\photos_files\IMS_Ottawa.JPG --> www.willowfalls.ca /.public_html/emrg/next/photos_files IMS_Ottawa.JPG
2006.02.01 19:17 B J:\emrg\next\photos_files\index_gif_2.gif --> www.willowfalls.ca /.public_html/emrg/next/photos_files index_gif_2.gif
2006.02.01 19:17 B J:\emrg\next\photos_files\insides.jpg --> www.willowfalls.ca /.public_html/emrg/next/photos_files insides.jpg
2006.02.01 19:17 B J:\emrg\next\photos_files\pyramid.jpg --> www.willowfalls.ca /.public_html/emrg/next/photos_files pyramid.jpg
2006.02.01 19:17 B J:\emrg\next\photos_files\rx_path.jpg --> www.willowfalls.ca /.public_html/emrg/next/photos_files rx_path.jpg
2006.02.01 19:17 B J:\emrg\next\photos_files\tx_path.jpg --> www.willowfalls.ca /.public_html/emrg/next/photos_files tx_path.jpg
2006.02.01 19:18 B J:\emrg\next\photos_files\VE3NFA_AS_NCS.JPG --> www.willowfalls.ca /.public_html/emrg/next/photos_files VE3NFA_AS_NCS.JPG
