2005.12.13 17:43 B C:\emrg_website\.public_html\emrg\packet\packet_files\fax_by_packet.htm <-- emrg /.public_html/emrg/packet/packet_files fax_by_packet.htm
2005.12.13 17:43 B C:\emrg_website\.public_html\emrg\packet\packet_files\Filelist.xml <-- emrg /.public_html/emrg/packet/packet_files Filelist.xml
2005.12.13 17:43 B C:\emrg_website\.public_html\emrg\packet\packet_files\lt_off.gif <-- emrg /.public_html/emrg/packet/packet_files lt_off.gif
2005.12.13 17:43 B C:\emrg_website\.public_html\emrg\packet\packet_files\lt_over.gif <-- emrg /.public_html/emrg/packet/packet_files lt_over.gif
2005.12.13 17:43 B C:\emrg_website\.public_html\emrg\packet\packet_files\network.htm <-- emrg /.public_html/emrg/packet/packet_files network.htm
2005.12.13 17:43 B C:\emrg_website\.public_html\emrg\packet\packet_files\packet.css <-- emrg /.public_html/emrg/packet/packet_files packet.css
2005.12.13 17:44 B C:\emrg_website\.public_html\emrg\packet\packet_files\packet_data.xml <-- emrg /.public_html/emrg/packet/packet_files packet_data.xml
2005.12.13 17:44 B C:\emrg_website\.public_html\emrg\packet\packet_files\packet_frames.htm <-- emrg /.public_html/emrg/packet/packet_files packet_frames.htm
2005.12.13 17:44 B C:\emrg_website\.public_html\emrg\packet\packet_files\packet_gif_1.gif <-- emrg /.public_html/emrg/packet/packet_files packet_gif_1.gif
2005.12.13 17:44 B C:\emrg_website\.public_html\emrg\packet\packet_files\packet_gif_1.htm <-- emrg /.public_html/emrg/packet/packet_files packet_gif_1.htm
2005.12.13 17:44 B C:\emrg_website\.public_html\emrg\packet\packet_files\packet_nav2.htm <-- emrg /.public_html/emrg/packet/packet_files packet_nav2.htm
2005.12.13 17:44 B C:\emrg_website\.public_html\emrg\packet\packet_files\packet_utils.js <-- emrg /.public_html/emrg/packet/packet_files packet_utils.js
2005.12.13 17:44 B C:\emrg_website\.public_html\emrg\packet\packet_files\packet_zoom.htm <-- emrg /.public_html/emrg/packet/packet_files packet_zoom.htm
2005.12.13 17:44 B C:\emrg_website\.public_html\emrg\packet\packet_files\requirements.htm <-- emrg /.public_html/emrg/packet/packet_files requirements.htm
2005.12.13 17:44 B C:\emrg_website\.public_html\emrg\packet\packet_files\rt_off.gif <-- emrg /.public_html/emrg/packet/packet_files rt_off.gif
2005.12.13 17:44 B C:\emrg_website\.public_html\emrg\packet\packet_files\rt_over.gif <-- emrg /.public_html/emrg/packet/packet_files rt_over.gif
2005.12.13 17:44 B C:\emrg_website\.public_html\emrg\packet\packet_files\software.htm <-- emrg /.public_html/emrg/packet/packet_files software.htm
2005.12.13 17:44 B C:\emrg_website\.public_html\emrg\packet\packet_files\standard_interface.htm <-- emrg /.public_html/emrg/packet/packet_files standard_interface.htm
2005.12.13 17:44 B C:\emrg_website\.public_html\emrg\packet\packet_files\vision.htm <-- emrg /.public_html/emrg/packet/packet_files vision.htm
2005.12.13 17:44 B C:\emrg_website\.public_html\emrg\packet\packet_files\web_links.htm <-- emrg /.public_html/emrg/packet/packet_files web_links.htm
