2005.12.13 17:29 B C:\emrg_website\.public_html\emrg\image_files\Algonquin_campus_map.gif <-- emrg /.public_html/emrg/image_files Algonquin_campus_map.gif
2005.12.13 17:29 B C:\emrg_website\.public_html\emrg\image_files\areslogo.jpg <-- emrg /.public_html/emrg/image_files areslogo.jpg
2005.12.13 17:29 B C:\emrg_website\.public_html\emrg\image_files\campusdetail.gif <-- emrg /.public_html/emrg/image_files campusdetail.gif
2005.12.13 17:29 B C:\emrg_website\.public_html\emrg\image_files\Crate_Details.jpg <-- emrg /.public_html/emrg/image_files Crate_Details.jpg
2005.12.13 17:29 B C:\emrg_website\.public_html\emrg\image_files\DA15F.jpg <-- emrg /.public_html/emrg/image_files DA15F.jpg
2005.12.13 17:29 B C:\emrg_website\.public_html\emrg\image_files\DA15M.jpg <-- emrg /.public_html/emrg/image_files DA15M.jpg
2005.12.13 17:29 B C:\emrg_website\.public_html\emrg\image_files\Double_Height_Crate.jpg <-- emrg /.public_html/emrg/image_files Double_Height_Crate.jpg
2005.12.13 17:29 B C:\emrg_website\.public_html\emrg\image_files\Double_Width_Storage_Crate.jpg <-- emrg /.public_html/emrg/image_files Double_Width_Storage_Crate.jpg
2005.12.13 17:29 B C:\emrg_website\.public_html\emrg\image_files\EmergencyPyramid.jpg <-- emrg /.public_html/emrg/image_files EmergencyPyramid.jpg
2005.12.13 17:30 B C:\emrg_website\.public_html\emrg\image_files\emrgredlogo.jpg <-- emrg /.public_html/emrg/image_files emrgredlogo.jpg
2005.12.13 17:30 B C:\emrg_website\.public_html\emrg\image_files\English magnet.jpg <-- emrg /.public_html/emrg/image_files English magnet.jpg
2005.12.13 17:30 B C:\emrg_website\.public_html\emrg\image_files\epweek2004EMOposter.jpg <-- emrg /.public_html/emrg/image_files epweek2004EMOposter.jpg
2005.12.13 17:30 B C:\emrg_website\.public_html\emrg\image_files\Heavy_Duty_Double_Height_Crate.jpg <-- emrg /.public_html/emrg/image_files Heavy_Duty_Double_Height_Crate.jpg
2005.12.13 17:30 B C:\emrg_website\.public_html\emrg\image_files\interface.jpg <-- emrg /.public_html/emrg/image_files interface.jpg
2005.12.13 17:30 B C:\emrg_website\.public_html\emrg\image_files\MemoForm.jpg <-- emrg /.public_html/emrg/image_files MemoForm.jpg
2005.12.13 17:30 B C:\emrg_website\.public_html\emrg\image_files\Packet_Network_Phase1.jpg <-- emrg /.public_html/emrg/image_files Packet_Network_Phase1.jpg
2005.12.13 17:30 B C:\emrg_website\.public_html\emrg\image_files\packet_nodes.jpg <-- emrg /.public_html/emrg/image_files packet_nodes.jpg
2005.12.13 17:30 B C:\emrg_website\.public_html\emrg\image_files\pl259.JPG <-- emrg /.public_html/emrg/image_files pl259.JPG
2005.12.13 17:30 B C:\emrg_website\.public_html\emrg\image_files\Power_Crates.jpg <-- emrg /.public_html/emrg/image_files Power_Crates.jpg
2005.12.13 17:31 B C:\emrg_website\.public_html\emrg\image_files\PowerPoleConnector.jpg <-- emrg /.public_html/emrg/image_files PowerPoleConnector.jpg
2005.12.13 17:31 B C:\emrg_website\.public_html\emrg\image_files\raclogo.gif <-- emrg /.public_html/emrg/image_files raclogo.gif
2005.12.13 17:31 B C:\emrg_website\.public_html\emrg\image_files\Radio_Crates.jpg <-- emrg /.public_html/emrg/image_files Radio_Crates.jpg
2005.12.13 17:31 B C:\emrg_website\.public_html\emrg\image_files\Standard_Height_Crate.jpg <-- emrg /.public_html/emrg/image_files Standard_Height_Crate.jpg
2005.12.13 17:31 B C:\emrg_website\.public_html\emrg\image_files\VE3NFA_AS_NCS.JPG <-- emrg /.public_html/emrg/image_files VE3NFA_AS_NCS.JPG
