2005.12.13 16:36 B C:\emrg_website\.public_html\emrg\docs\Activation-001_OntarioPowerOutage.htm <-- emrg /.public_html/emrg/docs Activation-001_OntarioPowerOutage.htm
2005.12.13 16:36 B C:\emrg_website\.public_html\emrg\docs\Dual_Band_Tech_Session.ppt <-- emrg /.public_html/emrg/docs Dual_Band_Tech_Session.ppt
2005.12.13 16:36 B C:\emrg_website\.public_html\emrg\docs\EMRGCommplan.zip <-- emrg /.public_html/emrg/docs EMRGCommplan.zip
2005.12.13 16:36 B C:\emrg_website\.public_html\emrg\docs\General Meeting Presentation 2004-01-31.ppt <-- emrg /.public_html/emrg/docs General Meeting Presentation 2004-01-31.ppt
2005.12.13 16:36 B C:\emrg_website\.public_html\emrg\docs\Kenwood_TM-2530_BK.zip <-- emrg /.public_html/emrg/docs Kenwood_TM-2530_BK.zip
2005.12.13 16:36 B C:\emrg_website\.public_html\emrg\docs\Kenwood_TM-2530_FP.htm <-- emrg /.public_html/emrg/docs Kenwood_TM-2530_FP.htm
2005.12.13 16:37 B C:\emrg_website\.public_html\emrg\docs\Kenwood_TM-2530_FP.zip <-- emrg /.public_html/emrg/docs Kenwood_TM-2530_FP.zip
2005.12.13 16:37 B C:\emrg_website\.public_html\emrg\docs\membership.zip <-- emrg /.public_html/emrg/docs membership.zip
2005.12.13 16:37 B C:\emrg_website\.public_html\emrg\docs\nl199610.htm <-- emrg /.public_html/emrg/docs nl199610.htm
2005.12.13 16:37 B C:\emrg_website\.public_html\emrg\docs\nl199610.zip <-- emrg /.public_html/emrg/docs nl199610.zip
2005.12.13 16:37 B C:\emrg_website\.public_html\emrg\docs\nl199701.htm <-- emrg /.public_html/emrg/docs nl199701.htm
2005.12.13 16:37 B C:\emrg_website\.public_html\emrg\docs\nl199701.zip <-- emrg /.public_html/emrg/docs nl199701.zip
2005.12.13 16:37 B C:\emrg_website\.public_html\emrg\docs\nl199804.htm <-- emrg /.public_html/emrg/docs nl199804.htm
2005.12.13 16:37 B C:\emrg_website\.public_html\emrg\docs\nl199804.zip <-- emrg /.public_html/emrg/docs nl199804.zip
2005.12.13 16:37 B C:\emrg_website\.public_html\emrg\docs\nl199809.htm <-- emrg /.public_html/emrg/docs nl199809.htm
2005.12.13 16:37 B C:\emrg_website\.public_html\emrg\docs\nl199809.zip <-- emrg /.public_html/emrg/docs nl199809.zip
2005.12.13 16:37 B C:\emrg_website\.public_html\emrg\docs\nl199901.htm <-- emrg /.public_html/emrg/docs nl199901.htm
2005.12.13 16:37 B C:\emrg_website\.public_html\emrg\docs\nl199901.zip <-- emrg /.public_html/emrg/docs nl199901.zip
2005.12.13 16:37 B C:\emrg_website\.public_html\emrg\docs\nl199904.htm <-- emrg /.public_html/emrg/docs nl199904.htm
2005.12.13 16:38 B C:\emrg_website\.public_html\emrg\docs\nl199904.zip <-- emrg /.public_html/emrg/docs nl199904.zip
2005.12.13 16:38 B C:\emrg_website\.public_html\emrg\docs\nl200003.htm <-- emrg /.public_html/emrg/docs nl200003.htm
2005.12.13 16:38 B C:\emrg_website\.public_html\emrg\docs\nl200003.zip <-- emrg /.public_html/emrg/docs nl200003.zip
2005.12.13 16:38 B C:\emrg_website\.public_html\emrg\docs\nl200201.htm <-- emrg /.public_html/emrg/docs nl200201.htm
2005.12.13 16:38 B C:\emrg_website\.public_html\emrg\docs\nl200204.htm <-- emrg /.public_html/emrg/docs nl200204.htm
2005.12.13 16:41 B C:\emrg_website\.public_html\emrg\docs\nl200204.zip <-- emrg /.public_html/emrg/docs nl200204.zip
2005.12.13 16:41 B C:\emrg_website\.public_html\emrg\docs\nl200209.htm <-- emrg /.public_html/emrg/docs nl200209.htm
2005.12.13 16:42 B C:\emrg_website\.public_html\emrg\docs\nl200209.zip <-- emrg /.public_html/emrg/docs nl200209.zip
2005.12.13 16:42 B C:\emrg_website\.public_html\emrg\docs\nl200301.htm <-- emrg /.public_html/emrg/docs nl200301.htm
2005.12.13 16:42 B C:\emrg_website\.public_html\emrg\docs\Shuttle_Recovery_Ops.doc <-- emrg /.public_html/emrg/docs Shuttle_Recovery_Ops.doc
2005.12.13 16:42 B C:\emrg_website\.public_html\emrg\docs\stormreview98b.htm <-- emrg /.public_html/emrg/docs stormreview98b.htm
2005.12.13 16:42 B C:\emrg_website\.public_html\emrg\docs\stormreview98b.zip <-- emrg /.public_html/emrg/docs stormreview98b.zip
