104.05.03 20:44 B M:\internet\www.emrg.ca\packet\packet_files\network_files\Filelist.xml --> www.willowfalls.ca /twed1/usr/home/willowfalls/.public_html/emrg/packet/packet_files/packet_files/network_files Filelist.xml
104.05.03 20:44 B M:\internet\www.emrg.ca\packet\packet_files\network_files\lt_off.gif --> www.willowfalls.ca /twed1/usr/home/willowfalls/.public_html/emrg/packet/packet_files/packet_files/network_files lt_off.gif
104.05.03 20:44 B M:\internet\www.emrg.ca\packet\packet_files\network_files\lt_over.gif --> www.willowfalls.ca /twed1/usr/home/willowfalls/.public_html/emrg/packet/packet_files/packet_files/network_files lt_over.gif
104.05.03 20:44 B M:\internet\www.emrg.ca\packet\packet_files\network_files\network.css --> www.willowfalls.ca /twed1/usr/home/willowfalls/.public_html/emrg/packet/packet_files/packet_files/network_files network.css
104.05.03 20:44 B M:\internet\www.emrg.ca\packet\packet_files\network_files\network_data.xml --> www.willowfalls.ca /twed1/usr/home/willowfalls/.public_html/emrg/packet/packet_files/packet_files/network_files network_data.xml
104.05.03 20:44 B M:\internet\www.emrg.ca\packet\packet_files\network_files\network_frames.htm --> www.willowfalls.ca /twed1/usr/home/willowfalls/.public_html/emrg/packet/packet_files/packet_files/network_files network_frames.htm
104.05.03 20:44 B M:\internet\www.emrg.ca\packet\packet_files\network_files\network_gif_4.gif --> www.willowfalls.ca /twed1/usr/home/willowfalls/.public_html/emrg/packet/packet_files/packet_files/network_files network_gif_4.gif
104.05.03 20:44 B M:\internet\www.emrg.ca\packet\packet_files\network_files\network_gif_4.htm --> www.willowfalls.ca /twed1/usr/home/willowfalls/.public_html/emrg/packet/packet_files/packet_files/network_files network_gif_4.htm
104.05.03 20:44 B M:\internet\www.emrg.ca\packet\packet_files\network_files\network_nav2.htm --> www.willowfalls.ca /twed1/usr/home/willowfalls/.public_html/emrg/packet/packet_files/packet_files/network_files network_nav2.htm
104.05.03 20:44 B M:\internet\www.emrg.ca\packet\packet_files\network_files\network_utils.js --> www.willowfalls.ca /twed1/usr/home/willowfalls/.public_html/emrg/packet/packet_files/packet_files/network_files network_utils.js
104.05.03 20:44 B M:\internet\www.emrg.ca\packet\packet_files\network_files\network_zoom.htm --> www.willowfalls.ca /twed1/usr/home/willowfalls/.public_html/emrg/packet/packet_files/packet_files/network_files network_zoom.htm
104.05.03 20:44 B M:\internet\www.emrg.ca\packet\packet_files\network_files\rt_off.gif --> www.willowfalls.ca /twed1/usr/home/willowfalls/.public_html/emrg/packet/packet_files/packet_files/network_files rt_off.gif
104.05.03 20:44 B M:\internet\www.emrg.ca\packet\packet_files\network_files\rt_over.gif --> www.willowfalls.ca /twed1/usr/home/willowfalls/.public_html/emrg/packet/packet_files/packet_files/network_files rt_over.gif
104.05.03 20:50 B M:\internet\www.emrg.ca\packet\packet_files\network_files\Filelist.xml --> www.willowfalls.ca /twed1/usr/home/willowfalls/.public_html/emrg/packet/packet_files/network_files Filelist.xml
104.05.03 20:50 B M:\internet\www.emrg.ca\packet\packet_files\network_files\lt_off.gif --> www.willowfalls.ca /twed1/usr/home/willowfalls/.public_html/emrg/packet/packet_files/network_files lt_off.gif
104.05.03 20:50 B M:\internet\www.emrg.ca\packet\packet_files\network_files\lt_over.gif --> www.willowfalls.ca /twed1/usr/home/willowfalls/.public_html/emrg/packet/packet_files/network_files lt_over.gif
104.05.03 20:50 B M:\internet\www.emrg.ca\packet\packet_files\network_files\network.css --> www.willowfalls.ca /twed1/usr/home/willowfalls/.public_html/emrg/packet/packet_files/network_files network.css
104.05.03 20:50 B M:\internet\www.emrg.ca\packet\packet_files\network_files\network_data.xml --> www.willowfalls.ca /twed1/usr/home/willowfalls/.public_html/emrg/packet/packet_files/network_files network_data.xml
104.05.03 20:50 B M:\internet\www.emrg.ca\packet\packet_files\network_files\network_frames.htm --> www.willowfalls.ca /twed1/usr/home/willowfalls/.public_html/emrg/packet/packet_files/network_files network_frames.htm
104.05.03 20:50 B M:\internet\www.emrg.ca\packet\packet_files\network_files\network_gif_4.gif --> www.willowfalls.ca /twed1/usr/home/willowfalls/.public_html/emrg/packet/packet_files/network_files network_gif_4.gif
104.05.03 20:50 B M:\internet\www.emrg.ca\packet\packet_files\network_files\network_gif_4.htm --> www.willowfalls.ca /twed1/usr/home/willowfalls/.public_html/emrg/packet/packet_files/network_files network_gif_4.htm
104.05.03 20:50 B M:\internet\www.emrg.ca\packet\packet_files\network_files\network_nav2.htm --> www.willowfalls.ca /twed1/usr/home/willowfalls/.public_html/emrg/packet/packet_files/network_files network_nav2.htm
104.05.03 20:50 B M:\internet\www.emrg.ca\packet\packet_files\network_files\network_utils.js --> www.willowfalls.ca /twed1/usr/home/willowfalls/.public_html/emrg/packet/packet_files/network_files network_utils.js
104.05.03 20:50 B M:\internet\www.emrg.ca\packet\packet_files\network_files\network_zoom.htm --> www.willowfalls.ca /twed1/usr/home/willowfalls/.public_html/emrg/packet/packet_files/network_files network_zoom.htm
104.05.03 20:50 B M:\internet\www.emrg.ca\packet\packet_files\network_files\rt_off.gif --> www.willowfalls.ca /twed1/usr/home/willowfalls/.public_html/emrg/packet/packet_files/network_files rt_off.gif
104.05.03 20:50 B M:\internet\www.emrg.ca\packet\packet_files\network_files\rt_over.gif --> www.willowfalls.ca /twed1/usr/home/willowfalls/.public_html/emrg/packet/packet_files/network_files rt_over.gif
2005.12.13 17:43 B C:\emrg_website\.public_html\emrg\packet\packet_files\network_files\WS_FTP.LOG <-- emrg /.public_html/emrg/packet/packet_files/network_files WS_FTP.LOG
